{"C:\\Users\\steve\\OneDrive\\Gaming Backlog v2\\resources\\search\\searchApi.mjs": {"path":"C:\\Users\\steve\\OneDrive\\Gaming Backlog v2\\resources\\search\\searchApi.mjs","statementMap":{"0":{"start":{"line":3,"column":13},"end":{"line":3,"column":71}},"1":{"start":{"line":4,"column":10},"end":{"line":4,"column":12}},"2":{"start":{"line":5,"column":7},"end":{"line":5,"column":9}},"3":{"start":{"line":6,"column":0},"end":{"line":13,"column":1}},"4":{"start":{"line":7,"column":2},"end":{"line":9,"column":3}},"5":{"start":{"line":8,"column":4},"end":{"line":8,"column":37}},"6":{"start":{"line":10,"column":2},"end":{"line":12,"column":3}},"7":{"start":{"line":11,"column":4},"end":{"line":11,"column":36}},"8":{"start":{"line":18,"column":4},"end":{"line":18,"column":20}},"9":{"start":{"line":20,"column":15},"end":{"line":20,"column":69}},"10":{"start":{"line":21,"column":15},"end":{"line":21,"column":28}},"11":{"start":{"line":22,"column":14},"end":{"line":22,"column":25}},"12":{"start":{"line":24,"column":4},"end":{"line":24,"column":41}},"13":{"start":{"line":30,"column":4},"end":{"line":32,"column":5}},"14":{"start":{"line":31,"column":6},"end":{"line":31,"column":51}},"15":{"start":{"line":35,"column":4},"end":{"line":35,"column":23}},"16":{"start":{"line":38,"column":4},"end":{"line":40,"column":5}},"17":{"start":{"line":39,"column":6},"end":{"line":39,"column":16}},"18":{"start":{"line":41,"column":19},"end":{"line":41,"column":74}},"19":{"start":{"line":42,"column":20},"end":{"line":42,"column":66}},"20":{"start":{"line":43,"column":4},"end":{"line":43,"column":47}},"21":{"start":{"line":46,"column":4},"end":{"line":49,"column":5}},"22":{"start":{"line":47,"column":24},"end":{"line":47,"column":74}},"23":{"start":{"line":48,"column":6},"end":{"line":48,"column":72}},"24":{"start":{"line":50,"column":4},"end":{"line":50,"column":20}},"25":{"start":{"line":53,"column":19},"end":{"line":53,"column":21}},"26":{"start":{"line":54,"column":18},"end":{"line":54,"column":20}},"27":{"start":{"line":55,"column":4},"end":{"line":64,"column":5}},"28":{"start":{"line":56,"column":24},"end":{"line":56,"column":32}},"29":{"start":{"line":57,"column":18},"end":{"line":57,"column":54}},"30":{"start":{"line":58,"column":6},"end":{"line":63,"column":7}},"31":{"start":{"line":58,"column":19},"end":{"line":58,"column":20}},"32":{"start":{"line":59,"column":22},"end":{"line":59,"column":47}},"33":{"start":{"line":60,"column":8},"end":{"line":60,"column":39}},"34":{"start":{"line":60,"column":30},"end":{"line":60,"column":39}},"35":{"start":{"line":61,"column":8},"end":{"line":61,"column":39}},"36":{"start":{"line":62,"column":8},"end":{"line":62,"column":42}},"37":{"start":{"line":65,"column":4},"end":{"line":65,"column":29}},"38":{"start":{"line":68,"column":4},"end":{"line":68,"column":84}},"39":{"start":{"line":71,"column":4},"end":{"line":71,"column":29}},"40":{"start":{"line":72,"column":4},"end":{"line":72,"column":38}},"41":{"start":{"line":72,"column":28},"end":{"line":72,"column":38}},"42":{"start":{"line":73,"column":4},"end":{"line":73,"column":34}},"43":{"start":{"line":76,"column":4},"end":{"line":76,"column":31}},"44":{"start":{"line":80,"column":21},"end":{"line":80,"column":42}}},"fnMap":{"0":{"name":"(anonymous_0)","decl":{"start":{"line":17,"column":2},"end":{"line":17,"column":3}},"loc":{"start":{"line":17,"column":16},"end":{"line":19,"column":3}},"line":17},"1":{"name":"(anonymous_1)","decl":{"start":{"line":23,"column":2},"end":{"line":23,"column":3}},"loc":{"start":{"line":23,"column":18},"end":{"line":25,"column":3}},"line":23},"2":{"name":"(anonymous_2)","decl":{"start":{"line":29,"column":2},"end":{"line":29,"column":3}},"loc":{"start":{"line":29,"column":20},"end":{"line":33,"column":3}},"line":29},"3":{"name":"(anonymous_3)","decl":{"start":{"line":34,"column":2},"end":{"line":34,"column":3}},"loc":{"start":{"line":34,"column":17},"end":{"line":36,"column":3}},"line":34},"4":{"name":"(anonymous_4)","decl":{"start":{"line":37,"column":2},"end":{"line":37,"column":3}},"loc":{"start":{"line":37,"column":23},"end":{"line":44,"column":3}},"line":37},"5":{"name":"(anonymous_5)","decl":{"start":{"line":45,"column":2},"end":{"line":45,"column":3}},"loc":{"start":{"line":45,"column":32},"end":{"line":51,"column":3}},"line":45},"6":{"name":"(anonymous_6)","decl":{"start":{"line":52,"column":2},"end":{"line":52,"column":3}},"loc":{"start":{"line":52,"column":27},"end":{"line":66,"column":3}},"line":52},"7":{"name":"(anonymous_7)","decl":{"start":{"line":67,"column":2},"end":{"line":67,"column":3}},"loc":{"start":{"line":67,"column":20},"end":{"line":69,"column":3}},"line":67},"8":{"name":"(anonymous_8)","decl":{"start":{"line":70,"column":2},"end":{"line":70,"column":3}},"loc":{"start":{"line":70,"column":36},"end":{"line":74,"column":3}},"line":70},"9":{"name":"(anonymous_9)","decl":{"start":{"line":75,"column":2},"end":{"line":75,"column":3}},"loc":{"start":{"line":75,"column":19},"end":{"line":77,"column":3}},"line":75}},"branchMap":{"0":{"loc":{"start":{"line":7,"column":2},"end":{"line":9,"column":3}},"type":"if","locations":[{"start":{"line":7,"column":2},"end":{"line":9,"column":3}},{"start":{},"end":{}}],"line":7},"1":{"loc":{"start":{"line":10,"column":2},"end":{"line":12,"column":3}},"type":"if","locations":[{"start":{"line":10,"column":2},"end":{"line":12,"column":3}},{"start":{},"end":{}}],"line":10},"2":{"loc":{"start":{"line":30,"column":4},"end":{"line":32,"column":5}},"type":"if","locations":[{"start":{"line":30,"column":4},"end":{"line":32,"column":5}},{"start":{},"end":{}}],"line":30},"3":{"loc":{"start":{"line":38,"column":4},"end":{"line":40,"column":5}},"type":"if","locations":[{"start":{"line":38,"column":4},"end":{"line":40,"column":5}},{"start":{},"end":{}}],"line":38},"4":{"loc":{"start":{"line":38,"column":8},"end":{"line":38,"column":54}},"type":"binary-expr","locations":[{"start":{"line":38,"column":8},"end":{"line":38,"column":33}},{"start":{"line":38,"column":37},"end":{"line":38,"column":54}}],"line":38},"5":{"loc":{"start":{"line":46,"column":4},"end":{"line":49,"column":5}},"type":"if","locations":[{"start":{"line":46,"column":4},"end":{"line":49,"column":5}},{"start":{},"end":{}}],"line":46},"6":{"loc":{"start":{"line":48,"column":13},"end":{"line":48,"column":71}},"type":"cond-expr","locations":[{"start":{"line":48,"column":34},"end":{"line":48,"column":66}},{"start":{"line":48,"column":69},"end":{"line":48,"column":71}}],"line":48},"7":{"loc":{"start":{"line":55,"column":4},"end":{"line":64,"column":5}},"type":"if","locations":[{"start":{"line":55,"column":4},"end":{"line":64,"column":5}},{"start":{},"end":{}}],"line":55},"8":{"loc":{"start":{"line":58,"column":22},"end":{"line":58,"column":69}},"type":"binary-expr","locations":[{"start":{"line":58,"column":22},"end":{"line":58,"column":38}},{"start":{"line":58,"column":42},"end":{"line":58,"column":69}}],"line":58},"9":{"loc":{"start":{"line":60,"column":8},"end":{"line":60,"column":39}},"type":"if","locations":[{"start":{"line":60,"column":8},"end":{"line":60,"column":39}},{"start":{},"end":{}}],"line":60},"10":{"loc":{"start":{"line":70,"column":22},"end":{"line":70,"column":34}},"type":"default-arg","locations":[{"start":{"line":70,"column":33},"end":{"line":70,"column":34}}],"line":70},"11":{"loc":{"start":{"line":72,"column":4},"end":{"line":72,"column":38}},"type":"if","locations":[{"start":{"line":72,"column":4},"end":{"line":72,"column":38}},{"start":{},"end":{}}],"line":72}},"s":{"0":1,"1":1,"2":1,"3":1,"4":7,"5":1,"6":7,"7":1,"8":1,"9":1,"10":1,"11":1,"12":1,"13":13,"14":9,"15":16,"16":1,"17":0,"18":1,"19":1,"20":1,"21":0,"22":0,"23":0,"24":0,"25":1,"26":1,"27":1,"28":1,"29":1,"30":1,"31":1,"32":5,"33":5,"34":0,"35":5,"36":5,"37":1,"38":0,"39":0,"40":0,"41":0,"42":0,"43":0,"44":1},"f":{"0":1,"1":1,"2":13,"3":16,"4":1,"5":0,"6":1,"7":0,"8":0,"9":0},"b":{"0":[1,6],"1":[1,6],"2":[9,4],"3":[0,1],"4":[1,1],"5":[0,0],"6":[0,0],"7":[1,0],"8":[6,6],"9":[0,5],"10":[0],"11":[0,0]},"inputSourceMap":null,"_coverageSchema":"1a1c01bbd47fc00a2c39e90264f33305004495a9","hash":"29e16c3618154006d74468d5955006bc2dc85966"}
}
