{"C:\\Users\\steve\\OneDrive\\Gaming Backlog v2\\app.mjs": {"path":"C:\\Users\\steve\\OneDrive\\Gaming Backlog v2\\app.mjs","statementMap":{"0":{"start":{"line":16,"column":13},"end":{"line":16,"column":28}},"1":{"start":{"line":32,"column":2},"end":{"line":32,"column":50}},"2":{"start":{"line":33,"column":19},"end":{"line":33,"column":35}},"3":{"start":{"line":34,"column":2},"end":{"line":34,"column":57}},"4":{"start":{"line":35,"column":2},"end":{"line":35,"column":25}},"5":{"start":{"line":36,"column":2},"end":{"line":36,"column":32}},"6":{"start":{"line":37,"column":2},"end":{"line":37,"column":49}},"7":{"start":{"line":38,"column":2},"end":{"line":38,"column":30}},"8":{"start":{"line":41,"column":2},"end":{"line":43,"column":3}},"9":{"start":{"line":42,"column":4},"end":{"line":42,"column":49}},"10":{"start":{"line":44,"column":2},"end":{"line":44,"column":32}},"11":{"start":{"line":46,"column":2},"end":{"line":46,"column":20}},"12":{"start":{"line":48,"column":21},"end":{"line":50,"column":4}},"13":{"start":{"line":51,"column":18},"end":{"line":51,"column":28}},"14":{"start":{"line":52,"column":2},"end":{"line":54,"column":5}},"15":{"start":{"line":53,"column":4},"end":{"line":53,"column":32}},"16":{"start":{"line":53,"column":13},"end":{"line":53,"column":32}},"17":{"start":{"line":57,"column":17},"end":{"line":57,"column":25}},"18":{"start":{"line":58,"column":2},"end":{"line":58,"column":59}},"19":{"start":{"line":58,"column":51},"end":{"line":58,"column":57}},"20":{"start":{"line":59,"column":2},"end":{"line":59,"column":60}},"21":{"start":{"line":59,"column":52},"end":{"line":59,"column":58}},"22":{"start":{"line":60,"column":2},"end":{"line":60,"column":61}},"23":{"start":{"line":60,"column":53},"end":{"line":60,"column":59}},"24":{"start":{"line":63,"column":2},"end":{"line":63,"column":19}},"25":{"start":{"line":66,"column":2},"end":{"line":66,"column":28}},"26":{"start":{"line":67,"column":2},"end":{"line":67,"column":33}},"27":{"start":{"line":68,"column":2},"end":{"line":70,"column":5}},"28":{"start":{"line":69,"column":4},"end":{"line":69,"column":27}},"29":{"start":{"line":72,"column":2},"end":{"line":76,"column":5}},"30":{"start":{"line":73,"column":4},"end":{"line":73,"column":37}},"31":{"start":{"line":74,"column":4},"end":{"line":74,"column":27}},"32":{"start":{"line":75,"column":4},"end":{"line":75,"column":52}},"33":{"start":{"line":78,"column":2},"end":{"line":78,"column":13}}},"fnMap":{"0":{"name":"(anonymous_0)","decl":{"start":{"line":25,"column":15},"end":{"line":25,"column":16}},"loc":{"start":{"line":31,"column":8},"end":{"line":79,"column":1}},"line":31},"1":{"name":"(anonymous_1)","decl":{"start":{"line":52,"column":54},"end":{"line":52,"column":55}},"loc":{"start":{"line":52,"column":63},"end":{"line":54,"column":3}},"line":52},"2":{"name":"(anonymous_2)","decl":{"start":{"line":58,"column":31},"end":{"line":58,"column":32}},"loc":{"start":{"line":58,"column":51},"end":{"line":58,"column":57}},"line":58},"3":{"name":"(anonymous_3)","decl":{"start":{"line":59,"column":32},"end":{"line":59,"column":33}},"loc":{"start":{"line":59,"column":52},"end":{"line":59,"column":58}},"line":59},"4":{"name":"(anonymous_4)","decl":{"start":{"line":60,"column":33},"end":{"line":60,"column":34}},"loc":{"start":{"line":60,"column":53},"end":{"line":60,"column":59}},"line":60},"5":{"name":"notFound","decl":{"start":{"line":68,"column":19},"end":{"line":68,"column":27}},"loc":{"start":{"line":68,"column":44},"end":{"line":70,"column":3}},"line":68},"6":{"name":"errorHandler","decl":{"start":{"line":72,"column":19},"end":{"line":72,"column":31}},"loc":{"start":{"line":72,"column":53},"end":{"line":76,"column":3}},"line":72}},"branchMap":{"0":{"loc":{"start":{"line":25,"column":25},"end":{"line":31,"column":6}},"type":"default-arg","locations":[{"start":{"line":31,"column":4},"end":{"line":31,"column":6}}],"line":25},"1":{"loc":{"start":{"line":26,"column":2},"end":{"line":26,"column":17}},"type":"default-arg","locations":[{"start":{"line":26,"column":8},"end":{"line":26,"column":17}}],"line":26},"2":{"loc":{"start":{"line":27,"column":2},"end":{"line":27,"column":11}},"type":"default-arg","locations":[{"start":{"line":27,"column":7},"end":{"line":27,"column":11}}],"line":27},"3":{"loc":{"start":{"line":28,"column":2},"end":{"line":28,"column":26}},"type":"default-arg","locations":[{"start":{"line":28,"column":16},"end":{"line":28,"column":26}}],"line":28},"4":{"loc":{"start":{"line":29,"column":2},"end":{"line":29,"column":22}},"type":"default-arg","locations":[{"start":{"line":29,"column":15},"end":{"line":29,"column":22}}],"line":29},"5":{"loc":{"start":{"line":30,"column":2},"end":{"line":30,"column":33}},"type":"default-arg","locations":[{"start":{"line":30,"column":16},"end":{"line":30,"column":33}}],"line":30},"6":{"loc":{"start":{"line":41,"column":2},"end":{"line":43,"column":3}},"type":"if","locations":[{"start":{"line":41,"column":2},"end":{"line":43,"column":3}},{"start":{},"end":{}}],"line":41},"7":{"loc":{"start":{"line":53,"column":4},"end":{"line":53,"column":32}},"type":"if","locations":[{"start":{"line":53,"column":4},"end":{"line":53,"column":32}},{"start":{},"end":{}}],"line":53},"8":{"loc":{"start":{"line":75,"column":15},"end":{"line":75,"column":32}},"type":"binary-expr","locations":[{"start":{"line":75,"column":15},"end":{"line":75,"column":25}},{"start":{"line":75,"column":29},"end":{"line":75,"column":32}}],"line":75}},"s":{"0":15,"1":25,"2":25,"3":25,"4":25,"5":25,"6":25,"7":25,"8":25,"9":4,"10":25,"11":25,"12":25,"13":25,"14":25,"15":23,"16":0,"17":25,"18":25,"19":13,"20":25,"21":4,"22":25,"23":6,"24":25,"25":25,"26":25,"27":25,"28":0,"29":25,"30":17,"31":17,"32":17,"33":25},"f":{"0":25,"1":23,"2":13,"3":4,"4":6,"5":0,"6":17},"b":{"0":[3],"1":[25],"2":[4],"3":[4],"4":[7],"5":[19],"6":[4,21],"7":[0,23],"8":[17,3]},"inputSourceMap":null,"_coverageSchema":"1a1c01bbd47fc00a2c39e90264f33305004495a9","hash":"2053148fea6e43be6b91b7ff41b0754adb3615af"}
,"C:\\Users\\steve\\OneDrive\\Gaming Backlog v2\\puppeteer.config.cjs": {"path":"C:\\Users\\steve\\OneDrive\\Gaming Backlog v2\\puppeteer.config.cjs","statementMap":{"0":{"start":{"line":1,"column":17},"end":{"line":1,"column":32}},"1":{"start":{"line":6,"column":0},"end":{"line":9,"column":2}}},"fnMap":{},"branchMap":{},"s":{"0":16,"1":16},"f":{},"b":{},"inputSourceMap":null,"_coverageSchema":"1a1c01bbd47fc00a2c39e90264f33305004495a9","hash":"440766e7f52670d98780ffd156681ca2cc904be5"}
,"C:\\Users\\steve\\OneDrive\\Gaming Backlog v2\\db\\connection.mjs": {"path":"C:\\Users\\steve\\OneDrive\\Gaming Backlog v2\\db\\connection.mjs","statementMap":{"0":{"start":{"line":17,"column":15},"end":{"line":17,"column":94}},"1":{"start":{"line":18,"column":18},"end":{"line":25,"column":3}},"2":{"start":{"line":26,"column":2},"end":{"line":28,"column":3}},"3":{"start":{"line":27,"column":4},"end":{"line":27,"column":34}},"4":{"start":{"line":29,"column":2},"end":{"line":29,"column":14}}},"fnMap":{"0":{"name":"connectionFactory","decl":{"start":{"line":16,"column":15},"end":{"line":16,"column":32}},"loc":{"start":{"line":16,"column":51},"end":{"line":30,"column":1}},"line":16}},"branchMap":{},"s":{"0":33,"1":33,"2":33,"3":201,"4":33},"f":{"0":33},"b":{},"inputSourceMap":null,"_coverageSchema":"1a1c01bbd47fc00a2c39e90264f33305004495a9","hash":"acc0d232c5f90397d5946396bbcf08f1511d13a2"}
,"C:\\Users\\steve\\OneDrive\\Gaming Backlog v2\\db\\index.mjs": {"path":"C:\\Users\\steve\\OneDrive\\Gaming Backlog v2\\db\\index.mjs","statementMap":{"0":{"start":{"line":25,"column":4},"end":{"line":25,"column":30}},"1":{"start":{"line":26,"column":4},"end":{"line":26,"column":20}},"2":{"start":{"line":27,"column":4},"end":{"line":27,"column":21}},"3":{"start":{"line":30,"column":4},"end":{"line":30,"column":92}},"4":{"start":{"line":31,"column":4},"end":{"line":31,"column":22}},"5":{"start":{"line":34,"column":4},"end":{"line":34,"column":23}},"6":{"start":{"line":37,"column":4},"end":{"line":37,"column":73}},"7":{"start":{"line":38,"column":4},"end":{"line":38,"column":28}},"8":{"start":{"line":41,"column":4},"end":{"line":41,"column":39}},"9":{"start":{"line":42,"column":4},"end":{"line":42,"column":22}},"10":{"start":{"line":45,"column":4},"end":{"line":49,"column":5}},"11":{"start":{"line":46,"column":18},"end":{"line":46,"column":55}},"12":{"start":{"line":47,"column":6},"end":{"line":47,"column":34}},"13":{"start":{"line":47,"column":24},"end":{"line":47,"column":34}},"14":{"start":{"line":48,"column":6},"end":{"line":48,"column":25}},"15":{"start":{"line":50,"column":4},"end":{"line":50,"column":78}},"16":{"start":{"line":53,"column":4},"end":{"line":53,"column":72}},"17":{"start":{"line":56,"column":4},"end":{"line":56,"column":94}},"18":{"start":{"line":59,"column":4},"end":{"line":59,"column":63}},"19":{"start":{"line":62,"column":4},"end":{"line":62,"column":101}},"20":{"start":{"line":65,"column":26},"end":{"line":65,"column":42}},"21":{"start":{"line":66,"column":4},"end":{"line":66,"column":62}},"22":{"start":{"line":69,"column":17},"end":{"line":69,"column":41}},"23":{"start":{"line":70,"column":4},"end":{"line":70,"column":85}},"24":{"start":{"line":73,"column":4},"end":{"line":73,"column":73}},"25":{"start":{"line":76,"column":4},"end":{"line":76,"column":79}},"26":{"start":{"line":79,"column":4},"end":{"line":79,"column":74}},"27":{"start":{"line":82,"column":4},"end":{"line":82,"column":35}},"28":{"start":{"line":87,"column":13},"end":{"line":87,"column":23}},"29":{"start":{"line":88,"column":2},"end":{"line":88,"column":21}},"30":{"start":{"line":89,"column":2},"end":{"line":89,"column":12}}},"fnMap":{"0":{"name":"(anonymous_0)","decl":{"start":{"line":24,"column":2},"end":{"line":24,"column":3}},"loc":{"start":{"line":24,"column":45},"end":{"line":28,"column":3}},"line":24},"1":{"name":"(anonymous_1)","decl":{"start":{"line":29,"column":2},"end":{"line":29,"column":3}},"loc":{"start":{"line":29,"column":13},"end":{"line":32,"column":3}},"line":29},"2":{"name":"(anonymous_2)","decl":{"start":{"line":33,"column":2},"end":{"line":33,"column":3}},"loc":{"start":{"line":33,"column":14},"end":{"line":35,"column":3}},"line":33},"3":{"name":"(anonymous_3)","decl":{"start":{"line":36,"column":2},"end":{"line":36,"column":3}},"loc":{"start":{"line":36,"column":23},"end":{"line":39,"column":3}},"line":36},"4":{"name":"(anonymous_4)","decl":{"start":{"line":40,"column":2},"end":{"line":40,"column":3}},"loc":{"start":{"line":40,"column":18},"end":{"line":43,"column":3}},"line":40},"5":{"name":"(anonymous_5)","decl":{"start":{"line":44,"column":2},"end":{"line":44,"column":3}},"loc":{"start":{"line":44,"column":17},"end":{"line":51,"column":3}},"line":44},"6":{"name":"(anonymous_6)","decl":{"start":{"line":52,"column":2},"end":{"line":52,"column":3}},"loc":{"start":{"line":52,"column":28},"end":{"line":54,"column":3}},"line":52},"7":{"name":"(anonymous_7)","decl":{"start":{"line":55,"column":2},"end":{"line":55,"column":3}},"loc":{"start":{"line":55,"column":31},"end":{"line":57,"column":3}},"line":55},"8":{"name":"(anonymous_8)","decl":{"start":{"line":58,"column":2},"end":{"line":58,"column":3}},"loc":{"start":{"line":58,"column":20},"end":{"line":60,"column":3}},"line":58},"9":{"name":"(anonymous_9)","decl":{"start":{"line":61,"column":2},"end":{"line":61,"column":3}},"loc":{"start":{"line":61,"column":35},"end":{"line":63,"column":3}},"line":61},"10":{"name":"(anonymous_10)","decl":{"start":{"line":64,"column":2},"end":{"line":64,"column":3}},"loc":{"start":{"line":64,"column":33},"end":{"line":67,"column":3}},"line":64},"11":{"name":"(anonymous_11)","decl":{"start":{"line":68,"column":2},"end":{"line":68,"column":3}},"loc":{"start":{"line":68,"column":33},"end":{"line":71,"column":3}},"line":68},"12":{"name":"(anonymous_12)","decl":{"start":{"line":72,"column":2},"end":{"line":72,"column":3}},"loc":{"start":{"line":72,"column":34},"end":{"line":74,"column":3}},"line":72},"13":{"name":"(anonymous_13)","decl":{"start":{"line":75,"column":2},"end":{"line":75,"column":3}},"loc":{"start":{"line":75,"column":36},"end":{"line":77,"column":3}},"line":75},"14":{"name":"(anonymous_14)","decl":{"start":{"line":78,"column":2},"end":{"line":78,"column":3}},"loc":{"start":{"line":78,"column":31},"end":{"line":80,"column":3}},"line":78},"15":{"name":"(anonymous_15)","decl":{"start":{"line":81,"column":2},"end":{"line":81,"column":3}},"loc":{"start":{"line":81,"column":21},"end":{"line":83,"column":3}},"line":81},"16":{"name":"freshDB","decl":{"start":{"line":86,"column":15},"end":{"line":86,"column":22}},"loc":{"start":{"line":86,"column":25},"end":{"line":90,"column":1}},"line":86}},"branchMap":{"0":{"loc":{"start":{"line":24,"column":14},"end":{"line":24,"column":43}},"type":"default-arg","locations":[{"start":{"line":24,"column":26},"end":{"line":24,"column":43}}],"line":24},"1":{"loc":{"start":{"line":45,"column":4},"end":{"line":49,"column":5}},"type":"if","locations":[{"start":{"line":45,"column":4},"end":{"line":49,"column":5}},{"start":{},"end":{}}],"line":45},"2":{"loc":{"start":{"line":47,"column":6},"end":{"line":47,"column":34}},"type":"if","locations":[{"start":{"line":47,"column":6},"end":{"line":47,"column":34}},{"start":{},"end":{}}],"line":47}},"s":{"0":19,"1":19,"2":19,"3":13,"4":12,"5":3,"6":4,"7":3,"8":18,"9":18,"10":0,"11":0,"12":0,"13":0,"14":0,"15":0,"16":0,"17":0,"18":0,"19":0,"20":0,"21":0,"22":0,"23":0,"24":0,"25":0,"26":0,"27":3,"28":15,"29":15,"30":15},"f":{"0":19,"1":13,"2":3,"3":4,"4":18,"5":0,"6":0,"7":0,"8":0,"9":0,"10":0,"11":0,"12":0,"13":0,"14":0,"15":3,"16":15},"b":{"0":[19],"1":[0,0],"2":[0,0]},"inputSourceMap":null,"_coverageSchema":"1a1c01bbd47fc00a2c39e90264f33305004495a9","hash":"b23cce2ad207d4b73953c4fb9086d06791ac80ff"}
,"C:\\Users\\steve\\OneDrive\\Gaming Backlog v2\\db\\validation.mjs": {"path":"C:\\Users\\steve\\OneDrive\\Gaming Backlog v2\\db\\validation.mjs","statementMap":{"0":{"start":{"line":1,"column":27},"end":{"line":5,"column":1}},"1":{"start":{"line":7,"column":27},"end":{"line":10,"column":1}},"2":{"start":{"line":12,"column":28},"end":{"line":15,"column":1}}},"fnMap":{},"branchMap":{},"s":{"0":20,"1":20,"2":20},"f":{},"b":{},"inputSourceMap":null,"_coverageSchema":"1a1c01bbd47fc00a2c39e90264f33305004495a9","hash":"2b5ff8654a73cbc3a7d98bc527e37bb956be81ad"}
,"C:\\Users\\steve\\OneDrive\\Gaming Backlog v2\\db\\methods\\game_methods.mjs": {"path":"C:\\Users\\steve\\OneDrive\\Gaming Backlog v2\\db\\methods\\game_methods.mjs","statementMap":{"0":{"start":{"line":5,"column":24},"end":{"line":8,"column":4}},"1":{"start":{"line":9,"column":2},"end":{"line":11,"column":3}},"2":{"start":{"line":10,"column":4},"end":{"line":10,"column":36}},"3":{"start":{"line":12,"column":2},"end":{"line":12,"column":75}},"4":{"start":{"line":13,"column":2},"end":{"line":13,"column":14}},"5":{"start":{"line":17,"column":15},"end":{"line":17,"column":39}},"6":{"start":{"line":18,"column":2},"end":{"line":18,"column":24}},"7":{"start":{"line":19,"column":2},"end":{"line":19,"column":20}},"8":{"start":{"line":20,"column":2},"end":{"line":20,"column":14}},"9":{"start":{"line":24,"column":15},"end":{"line":24,"column":39}},"10":{"start":{"line":25,"column":2},"end":{"line":25,"column":69}},"11":{"start":{"line":25,"column":43},"end":{"line":25,"column":67}},"12":{"start":{"line":26,"column":2},"end":{"line":26,"column":20}},"13":{"start":{"line":27,"column":2},"end":{"line":27,"column":14}},"14":{"start":{"line":31,"column":2},"end":{"line":31,"column":47}},"15":{"start":{"line":35,"column":28},"end":{"line":35,"column":52}},"16":{"start":{"line":36,"column":19},"end":{"line":36,"column":63}},"17":{"start":{"line":37,"column":2},"end":{"line":37,"column":37}},"18":{"start":{"line":38,"column":2},"end":{"line":38,"column":18}}},"fnMap":{"0":{"name":"reconcileGames","decl":{"start":{"line":4,"column":15},"end":{"line":4,"column":29}},"loc":{"start":{"line":4,"column":70},"end":{"line":14,"column":1}},"line":4},"1":{"name":"createGame","decl":{"start":{"line":16,"column":15},"end":{"line":16,"column":25}},"loc":{"start":{"line":16,"column":43},"end":{"line":21,"column":1}},"line":16},"2":{"name":"deleteGame","decl":{"start":{"line":23,"column":15},"end":{"line":23,"column":25}},"loc":{"start":{"line":23,"column":48},"end":{"line":28,"column":1}},"line":23},"3":{"name":"(anonymous_3)","decl":{"start":{"line":25,"column":33},"end":{"line":25,"column":34}},"loc":{"start":{"line":25,"column":43},"end":{"line":25,"column":67}},"line":25},"4":{"name":"saveResults","decl":{"start":{"line":30,"column":15},"end":{"line":30,"column":26}},"loc":{"start":{"line":30,"column":49},"end":{"line":32,"column":1}},"line":30},"5":{"name":"getResults","decl":{"start":{"line":34,"column":15},"end":{"line":34,"column":25}},"loc":{"start":{"line":34,"column":44},"end":{"line":39,"column":1}},"line":34}},"branchMap":{},"s":{"0":1,"1":1,"2":4,"3":1,"4":1,"5":18,"6":18,"7":18,"8":15,"9":2,"10":2,"11":5,"12":2,"13":2,"14":1,"15":1,"16":1,"17":1,"18":1},"f":{"0":1,"1":18,"2":2,"3":5,"4":1,"5":1},"b":{},"inputSourceMap":null,"_coverageSchema":"1a1c01bbd47fc00a2c39e90264f33305004495a9","hash":"ece156a0ce473554a34026c02c62759d644653eb"}
,"C:\\Users\\steve\\OneDrive\\Gaming Backlog v2\\db\\methods\\user_methods.mjs": {"path":"C:\\Users\\steve\\OneDrive\\Gaming Backlog v2\\db\\methods\\user_methods.mjs","statementMap":{"0":{"start":{"line":7,"column":2},"end":{"line":11,"column":3}},"1":{"start":{"line":8,"column":4},"end":{"line":10,"column":5}},"2":{"start":{"line":9,"column":6},"end":{"line":9,"column":23}},"3":{"start":{"line":12,"column":2},"end":{"line":12,"column":12}},"4":{"start":{"line":16,"column":2},"end":{"line":16,"column":58}},"5":{"start":{"line":20,"column":2},"end":{"line":23,"column":5}},"6":{"start":{"line":27,"column":2},"end":{"line":33,"column":3}},"7":{"start":{"line":28,"column":4},"end":{"line":31,"column":6}},"8":{"start":{"line":32,"column":4},"end":{"line":32,"column":61}},"9":{"start":{"line":34,"column":2},"end":{"line":34,"column":17}},"10":{"start":{"line":38,"column":2},"end":{"line":38,"column":44}},"11":{"start":{"line":42,"column":15},"end":{"line":42,"column":48}},"12":{"start":{"line":43,"column":2},"end":{"line":43,"column":64}},"13":{"start":{"line":44,"column":2},"end":{"line":44,"column":98}},"14":{"start":{"line":45,"column":2},"end":{"line":45,"column":14}},"15":{"start":{"line":49,"column":2},"end":{"line":49,"column":34}},"16":{"start":{"line":50,"column":2},"end":{"line":50,"column":27}}},"fnMap":{"0":{"name":"findModel","decl":{"start":{"line":6,"column":15},"end":{"line":6,"column":24}},"loc":{"start":{"line":6,"column":37},"end":{"line":13,"column":1}},"line":6},"1":{"name":"createEntry","decl":{"start":{"line":15,"column":15},"end":{"line":15,"column":26}},"loc":{"start":{"line":15,"column":47},"end":{"line":17,"column":1}},"line":15},"2":{"name":"updateEntry","decl":{"start":{"line":19,"column":15},"end":{"line":19,"column":26}},"loc":{"start":{"line":19,"column":50},"end":{"line":24,"column":1}},"line":19},"3":{"name":"validPass","decl":{"start":{"line":26,"column":15},"end":{"line":26,"column":24}},"loc":{"start":{"line":26,"column":34},"end":{"line":35,"column":1}},"line":26},"4":{"name":"deleteEntry","decl":{"start":{"line":37,"column":15},"end":{"line":37,"column":26}},"loc":{"start":{"line":37,"column":38},"end":{"line":39,"column":1}},"line":37},"5":{"name":"verifyPassword","decl":{"start":{"line":41,"column":15},"end":{"line":41,"column":29}},"loc":{"start":{"line":41,"column":57},"end":{"line":46,"column":1}},"line":41},"6":{"name":"resetExpiry","decl":{"start":{"line":48,"column":15},"end":{"line":48,"column":26}},"loc":{"start":{"line":48,"column":33},"end":{"line":51,"column":1}},"line":48}},"branchMap":{"0":{"loc":{"start":{"line":8,"column":4},"end":{"line":10,"column":5}},"type":"if","locations":[{"start":{"line":8,"column":4},"end":{"line":10,"column":5}},{"start":{},"end":{}}],"line":8},"1":{"loc":{"start":{"line":27,"column":2},"end":{"line":33,"column":3}},"type":"if","locations":[{"start":{"line":27,"column":2},"end":{"line":33,"column":3}},{"start":{},"end":{}}],"line":27}},"s":{"0":2,"1":7,"2":1,"3":1,"4":6,"5":9,"6":15,"7":9,"8":7,"9":13,"10":2,"11":4,"12":4,"13":3,"14":2,"15":0,"16":0},"f":{"0":2,"1":6,"2":9,"3":15,"4":2,"5":4,"6":0},"b":{"0":[1,6],"1":[9,6]},"inputSourceMap":null,"_coverageSchema":"1a1c01bbd47fc00a2c39e90264f33305004495a9","hash":"46d87c394e3dfb897b62f5ea789fd88c92e29047"}
,"C:\\Users\\steve\\OneDrive\\Gaming Backlog v2\\db\\schemas\\baseUser.mjs": {"path":"C:\\Users\\steve\\OneDrive\\Gaming Backlog v2\\db\\schemas\\baseUser.mjs","statementMap":{"0":{"start":{"line":6,"column":19},"end":{"line":38,"column":1}},"1":{"start":{"line":13,"column":10},"end":{"line":13,"column":65}},"2":{"start":{"line":23,"column":24},"end":{"line":23,"column":41}},"3":{"start":{"line":24,"column":10},"end":{"line":28,"column":11}},"4":{"start":{"line":24,"column":23},"end":{"line":24,"column":24}},"5":{"start":{"line":25,"column":12},"end":{"line":27,"column":13}},"6":{"start":{"line":26,"column":14},"end":{"line":26,"column":27}},"7":{"start":{"line":29,"column":10},"end":{"line":29,"column":22}},"8":{"start":{"line":31,"column":28},"end":{"line":31,"column":81}}},"fnMap":{"0":{"name":"(anonymous_0)","decl":{"start":{"line":12,"column":19},"end":{"line":12,"column":20}},"loc":{"start":{"line":12,"column":36},"end":{"line":14,"column":9}},"line":12},"1":{"name":"(anonymous_1)","decl":{"start":{"line":22,"column":19},"end":{"line":22,"column":20}},"loc":{"start":{"line":22,"column":31},"end":{"line":30,"column":9}},"line":22},"2":{"name":"(anonymous_2)","decl":{"start":{"line":31,"column":17},"end":{"line":31,"column":18}},"loc":{"start":{"line":31,"column":28},"end":{"line":31,"column":81}},"line":31}},"branchMap":{"0":{"loc":{"start":{"line":25,"column":12},"end":{"line":27,"column":13}},"type":"if","locations":[{"start":{"line":25,"column":12},"end":{"line":27,"column":13}},{"start":{},"end":{}}],"line":25}},"s":{"0":20,"1":38,"2":34,"3":34,"4":34,"5":32,"6":1,"7":33,"8":1},"f":{"0":38,"1":34,"2":1},"b":{"0":[1,31]},"inputSourceMap":null,"_coverageSchema":"1a1c01bbd47fc00a2c39e90264f33305004495a9","hash":"fd33e1730fbb046bdec63961872df56047db7d56"}
,"C:\\Users\\steve\\OneDrive\\Gaming Backlog v2\\db\\schemas\\game.mjs": {"path":"C:\\Users\\steve\\OneDrive\\Gaming Backlog v2\\db\\schemas\\game.mjs","statementMap":{"0":{"start":{"line":3,"column":19},"end":{"line":21,"column":1}}},"fnMap":{},"branchMap":{},"s":{"0":20},"f":{},"b":{},"inputSourceMap":null,"_coverageSchema":"1a1c01bbd47fc00a2c39e90264f33305004495a9","hash":"10db5af2f18a51dd1a810e9ba36f5896f012c4d7"}
,"C:\\Users\\steve\\OneDrive\\Gaming Backlog v2\\db\\schemas\\guest.mjs": {"path":"C:\\Users\\steve\\OneDrive\\Gaming Backlog v2\\db\\schemas\\guest.mjs","statementMap":{"0":{"start":{"line":4,"column":20},"end":{"line":4,"column":32}},"1":{"start":{"line":5,"column":0},"end":{"line":5,"column":28}},"2":{"start":{"line":6,"column":0},"end":{"line":15,"column":3}},"3":{"start":{"line":17,"column":0},"end":{"line":17,"column":72}}},"fnMap":{},"branchMap":{},"s":{"0":20,"1":20,"2":20,"3":20},"f":{},"b":{},"inputSourceMap":null,"_coverageSchema":"1a1c01bbd47fc00a2c39e90264f33305004495a9","hash":"73f3cb77903094d713bdac0d3ee27a80213350c9"}
,"C:\\Users\\steve\\OneDrive\\Gaming Backlog v2\\db\\schemas\\searchresults.mjs": {"path":"C:\\Users\\steve\\OneDrive\\Gaming Backlog v2\\db\\schemas\\searchresults.mjs","statementMap":{"0":{"start":{"line":3,"column":22},"end":{"line":17,"column":2}}},"fnMap":{},"branchMap":{},"s":{"0":20},"f":{},"b":{},"inputSourceMap":null,"_coverageSchema":"1a1c01bbd47fc00a2c39e90264f33305004495a9","hash":"579168529bf02ab97f721d48d85bb0190ed6d4b3"}
,"C:\\Users\\steve\\OneDrive\\Gaming Backlog v2\\db\\schemas\\session.mjs": {"path":"C:\\Users\\steve\\OneDrive\\Gaming Backlog v2\\db\\schemas\\session.mjs","statementMap":{"0":{"start":{"line":3,"column":22},"end":{"line":6,"column":2}}},"fnMap":{},"branchMap":{},"s":{"0":20},"f":{},"b":{},"inputSourceMap":null,"_coverageSchema":"1a1c01bbd47fc00a2c39e90264f33305004495a9","hash":"3d07b1669b9c29dcc2b3da89b5187035e7e2a87e"}
,"C:\\Users\\steve\\OneDrive\\Gaming Backlog v2\\db\\schemas\\testUser.mjs": {"path":"C:\\Users\\steve\\OneDrive\\Gaming Backlog v2\\db\\schemas\\testUser.mjs","statementMap":{"0":{"start":{"line":5,"column":23},"end":{"line":5,"column":35}},"1":{"start":{"line":6,"column":0},"end":{"line":6,"column":31}},"2":{"start":{"line":7,"column":0},"end":{"line":24,"column":3}},"3":{"start":{"line":14,"column":8},"end":{"line":14,"column":62}},"4":{"start":{"line":26,"column":0},"end":{"line":26,"column":41}}},"fnMap":{"0":{"name":"(anonymous_0)","decl":{"start":{"line":13,"column":17},"end":{"line":13,"column":18}},"loc":{"start":{"line":13,"column":34},"end":{"line":15,"column":7}},"line":13}},"branchMap":{},"s":{"0":20,"1":20,"2":20,"3":36,"4":20},"f":{"0":36},"b":{},"inputSourceMap":null,"_coverageSchema":"1a1c01bbd47fc00a2c39e90264f33305004495a9","hash":"e45be1aa71ddb73f915e1bcf01ca6fc5d742e7c5"}
,"C:\\Users\\steve\\OneDrive\\Gaming Backlog v2\\db\\schemas\\user.mjs": {"path":"C:\\Users\\steve\\OneDrive\\Gaming Backlog v2\\db\\schemas\\user.mjs","statementMap":{"0":{"start":{"line":3,"column":24},"end":{"line":3,"column":47}},"1":{"start":{"line":8,"column":19},"end":{"line":8,"column":31}},"2":{"start":{"line":9,"column":0},"end":{"line":9,"column":27}},"3":{"start":{"line":10,"column":0},"end":{"line":30,"column":3}},"4":{"start":{"line":17,"column":8},"end":{"line":17,"column":62}},"5":{"start":{"line":32,"column":0},"end":{"line":32,"column":72}},"6":{"start":{"line":35,"column":0},"end":{"line":35,"column":35}}},"fnMap":{"0":{"name":"(anonymous_0)","decl":{"start":{"line":16,"column":17},"end":{"line":16,"column":18}},"loc":{"start":{"line":16,"column":34},"end":{"line":18,"column":7}},"line":16}},"branchMap":{},"s":{"0":20,"1":20,"2":20,"3":20,"4":0,"5":20,"6":20},"f":{"0":0},"b":{},"inputSourceMap":null,"_coverageSchema":"1a1c01bbd47fc00a2c39e90264f33305004495a9","hash":"f5f2fc4ef972d48cb2e650ca10d2be2b386f7799"}
,"C:\\Users\\steve\\OneDrive\\Gaming Backlog v2\\resources\\locals.mjs": {"path":"C:\\Users\\steve\\OneDrive\\Gaming Backlog v2\\resources\\locals.mjs","statementMap":{"0":{"start":{"line":5,"column":22},"end":{"line":13,"column":2}},"1":{"start":{"line":5,"column":35},"end":{"line":13,"column":1}},"2":{"start":{"line":16,"column":2},"end":{"line":31,"column":3}},"3":{"start":{"line":18,"column":15},"end":{"line":18,"column":32}},"4":{"start":{"line":19,"column":15},"end":{"line":19,"column":37}},"5":{"start":{"line":20,"column":19},"end":{"line":20,"column":55}},"6":{"start":{"line":22,"column":21},"end":{"line":22,"column":42}},"7":{"start":{"line":23,"column":4},"end":{"line":25,"column":5}},"8":{"start":{"line":24,"column":6},"end":{"line":24,"column":32}},"9":{"start":{"line":26,"column":4},"end":{"line":26,"column":51}},"10":{"start":{"line":27,"column":4},"end":{"line":27,"column":55}},"11":{"start":{"line":28,"column":4},"end":{"line":28,"column":11}},"12":{"start":{"line":30,"column":4},"end":{"line":30,"column":14}},"13":{"start":{"line":35,"column":2},"end":{"line":40,"column":3}},"14":{"start":{"line":36,"column":4},"end":{"line":36,"column":35}},"15":{"start":{"line":37,"column":4},"end":{"line":37,"column":11}},"16":{"start":{"line":39,"column":4},"end":{"line":39,"column":14}}},"fnMap":{"0":{"name":"(anonymous_0)","decl":{"start":{"line":5,"column":22},"end":{"line":5,"column":23}},"loc":{"start":{"line":5,"column":35},"end":{"line":13,"column":1}},"line":5},"1":{"name":"syncData","decl":{"start":{"line":15,"column":15},"end":{"line":15,"column":23}},"loc":{"start":{"line":15,"column":40},"end":{"line":32,"column":1}},"line":15},"2":{"name":"addPath","decl":{"start":{"line":34,"column":15},"end":{"line":34,"column":22}},"loc":{"start":{"line":34,"column":39},"end":{"line":41,"column":1}},"line":34}},"branchMap":{"0":{"loc":{"start":{"line":6,"column":12},"end":{"line":6,"column":41}},"type":"cond-expr","locations":[{"start":{"line":6,"column":21},"end":{"line":6,"column":36}},{"start":{"line":6,"column":39},"end":{"line":6,"column":41}}],"line":6},"1":{"loc":{"start":{"line":7,"column":9},"end":{"line":7,"column":35}},"type":"cond-expr","locations":[{"start":{"line":7,"column":18},"end":{"line":7,"column":30}},{"start":{"line":7,"column":33},"end":{"line":7,"column":35}}],"line":7},"2":{"loc":{"start":{"line":8,"column":13},"end":{"line":8,"column":43}},"type":"cond-expr","locations":[{"start":{"line":8,"column":22},"end":{"line":8,"column":38}},{"start":{"line":8,"column":41},"end":{"line":8,"column":43}}],"line":8},"3":{"loc":{"start":{"line":9,"column":12},"end":{"line":9,"column":51}},"type":"binary-expr","locations":[{"start":{"line":9,"column":12},"end":{"line":9,"column":27}},{"start":{"line":9,"column":31},"end":{"line":9,"column":51}}],"line":9},"4":{"loc":{"start":{"line":10,"column":14},"end":{"line":10,"column":58}},"type":"cond-expr","locations":[{"start":{"line":10,"column":23},"end":{"line":10,"column":50}},{"start":{"line":10,"column":53},"end":{"line":10,"column":58}}],"line":10},"5":{"loc":{"start":{"line":19,"column":15},"end":{"line":19,"column":37}},"type":"binary-expr","locations":[{"start":{"line":19,"column":15},"end":{"line":19,"column":31}},{"start":{"line":19,"column":35},"end":{"line":19,"column":37}}],"line":19},"6":{"loc":{"start":{"line":20,"column":19},"end":{"line":20,"column":55}},"type":"cond-expr","locations":[{"start":{"line":20,"column":31},"end":{"line":20,"column":48}},{"start":{"line":20,"column":51},"end":{"line":20,"column":55}}],"line":20}},"s":{"0":15,"1":13,"2":13,"3":13,"4":13,"5":13,"6":13,"7":13,"8":91,"9":13,"10":13,"11":13,"12":0,"13":41,"14":41,"15":41,"16":0},"f":{"0":13,"1":13,"2":41},"b":{"0":[7,6],"1":[7,6],"2":[7,6],"3":[13,7],"4":[7,6],"5":[13,6],"6":[7,6]},"inputSourceMap":null,"_coverageSchema":"1a1c01bbd47fc00a2c39e90264f33305004495a9","hash":"00a401b002700425fc0c042e7a784395fd869b32"}
,"C:\\Users\\steve\\OneDrive\\Gaming Backlog v2\\resources\\game_data_scraping\\scraper.mjs": {"path":"C:\\Users\\steve\\OneDrive\\Gaming Backlog v2\\resources\\game_data_scraping\\scraper.mjs","statementMap":{"0":{"start":{"line":5,"column":0},"end":{"line":5,"column":31}},"1":{"start":{"line":8,"column":18},"end":{"line":14,"column":4}},"2":{"start":{"line":15,"column":15},"end":{"line":15,"column":38}},"3":{"start":{"line":16,"column":2},"end":{"line":16,"column":23}},"4":{"start":{"line":17,"column":15},"end":{"line":17,"column":35}},"5":{"start":{"line":18,"column":2},"end":{"line":18,"column":24}},"6":{"start":{"line":19,"column":2},"end":{"line":19,"column":14}},"7":{"start":{"line":23,"column":12},"end":{"line":23,"column":52}},"8":{"start":{"line":24,"column":19},"end":{"line":24,"column":33}},"9":{"start":{"line":25,"column":2},"end":{"line":25,"column":51}},"10":{"start":{"line":25,"column":27},"end":{"line":25,"column":51}},"11":{"start":{"line":26,"column":13},"end":{"line":26,"column":49}},"12":{"start":{"line":27,"column":2},"end":{"line":27,"column":66}},"13":{"start":{"line":31,"column":18},"end":{"line":31,"column":72}},"14":{"start":{"line":33,"column":4},"end":{"line":35,"column":26}},"15":{"start":{"line":34,"column":33},"end":{"line":34,"column":38}},"16":{"start":{"line":34,"column":55},"end":{"line":34,"column":76}},"17":{"start":{"line":36,"column":2},"end":{"line":41,"column":3}},"18":{"start":{"line":37,"column":4},"end":{"line":40,"column":6}},"19":{"start":{"line":42,"column":2},"end":{"line":45,"column":4}},"20":{"start":{"line":49,"column":13},"end":{"line":49,"column":34}},"21":{"start":{"line":50,"column":28},"end":{"line":50,"column":90}},"22":{"start":{"line":51,"column":2},"end":{"line":51,"column":46}}},"fnMap":{"0":{"name":"scrapeSite","decl":{"start":{"line":7,"column":15},"end":{"line":7,"column":25}},"loc":{"start":{"line":7,"column":31},"end":{"line":20,"column":1}},"line":7},"1":{"name":"getTitleDate","decl":{"start":{"line":22,"column":15},"end":{"line":22,"column":27}},"loc":{"start":{"line":22,"column":41},"end":{"line":28,"column":1}},"line":22},"2":{"name":"getTimes","decl":{"start":{"line":30,"column":15},"end":{"line":30,"column":23}},"loc":{"start":{"line":30,"column":30},"end":{"line":46,"column":1}},"line":30},"3":{"name":"(anonymous_3)","decl":{"start":{"line":34,"column":23},"end":{"line":34,"column":24}},"loc":{"start":{"line":34,"column":33},"end":{"line":34,"column":38}},"line":34},"4":{"name":"(anonymous_4)","decl":{"start":{"line":34,"column":45},"end":{"line":34,"column":46}},"loc":{"start":{"line":34,"column":55},"end":{"line":34,"column":76}},"line":34},"5":{"name":"getGameData","decl":{"start":{"line":48,"column":15},"end":{"line":48,"column":26}},"loc":{"start":{"line":48,"column":39},"end":{"line":52,"column":1}},"line":48}},"branchMap":{"0":{"loc":{"start":{"line":13,"column":6},"end":{"line":13,"column":86}},"type":"cond-expr","locations":[{"start":{"line":13,"column":38},"end":{"line":13,"column":67}},{"start":{"line":13,"column":70},"end":{"line":13,"column":86}}],"line":13},"1":{"loc":{"start":{"line":25,"column":2},"end":{"line":25,"column":51}},"type":"if","locations":[{"start":{"line":25,"column":2},"end":{"line":25,"column":51}},{"start":{},"end":{}}],"line":25},"2":{"loc":{"start":{"line":27,"column":18},"end":{"line":27,"column":63}},"type":"cond-expr","locations":[{"start":{"line":27,"column":35},"end":{"line":27,"column":54}},{"start":{"line":27,"column":58},"end":{"line":27,"column":63}}],"line":27},"3":{"loc":{"start":{"line":33,"column":4},"end":{"line":35,"column":26}},"type":"cond-expr","locations":[{"start":{"line":34,"column":8},"end":{"line":34,"column":77}},{"start":{"line":35,"column":8},"end":{"line":35,"column":26}}],"line":33},"4":{"loc":{"start":{"line":36,"column":2},"end":{"line":41,"column":3}},"type":"if","locations":[{"start":{"line":36,"column":2},"end":{"line":41,"column":3}},{"start":{},"end":{}}],"line":36}},"s":{"0":16,"1":2,"2":2,"3":2,"4":2,"5":2,"6":2,"7":0,"8":0,"9":0,"10":0,"11":0,"12":0,"13":0,"14":0,"15":0,"16":0,"17":0,"18":0,"19":0,"20":0,"21":0,"22":0},"f":{"0":2,"1":0,"2":0,"3":0,"4":0,"5":0},"b":{"0":[0,2],"1":[0,0],"2":[0,0],"3":[0,0],"4":[0,0]},"inputSourceMap":null,"_coverageSchema":"1a1c01bbd47fc00a2c39e90264f33305004495a9","hash":"72e8d2e844079eab6a915a64125c7de6f2384668"}
,"C:\\Users\\steve\\OneDrive\\Gaming Backlog v2\\resources\\search\\searchApi.mjs": {"path":"C:\\Users\\steve\\OneDrive\\Gaming Backlog v2\\resources\\search\\searchApi.mjs","statementMap":{"0":{"start":{"line":6,"column":4},"end":{"line":6,"column":20}},"1":{"start":{"line":8,"column":15},"end":{"line":8,"column":69}},"2":{"start":{"line":9,"column":15},"end":{"line":9,"column":36}},"3":{"start":{"line":10,"column":14},"end":{"line":10,"column":36}},"4":{"start":{"line":12,"column":4},"end":{"line":12,"column":41}},"5":{"start":{"line":18,"column":4},"end":{"line":20,"column":5}},"6":{"start":{"line":19,"column":6},"end":{"line":19,"column":51}},"7":{"start":{"line":23,"column":4},"end":{"line":23,"column":23}},"8":{"start":{"line":26,"column":4},"end":{"line":28,"column":5}},"9":{"start":{"line":27,"column":6},"end":{"line":27,"column":16}},"10":{"start":{"line":29,"column":19},"end":{"line":29,"column":74}},"11":{"start":{"line":30,"column":20},"end":{"line":30,"column":66}},"12":{"start":{"line":31,"column":4},"end":{"line":31,"column":47}},"13":{"start":{"line":34,"column":4},"end":{"line":37,"column":5}},"14":{"start":{"line":35,"column":24},"end":{"line":35,"column":74}},"15":{"start":{"line":36,"column":6},"end":{"line":36,"column":72}},"16":{"start":{"line":38,"column":4},"end":{"line":38,"column":20}},"17":{"start":{"line":41,"column":19},"end":{"line":41,"column":21}},"18":{"start":{"line":42,"column":18},"end":{"line":42,"column":20}},"19":{"start":{"line":43,"column":4},"end":{"line":52,"column":5}},"20":{"start":{"line":44,"column":24},"end":{"line":44,"column":32}},"21":{"start":{"line":45,"column":18},"end":{"line":45,"column":54}},"22":{"start":{"line":46,"column":6},"end":{"line":51,"column":7}},"23":{"start":{"line":46,"column":19},"end":{"line":46,"column":20}},"24":{"start":{"line":47,"column":22},"end":{"line":47,"column":47}},"25":{"start":{"line":48,"column":8},"end":{"line":48,"column":39}},"26":{"start":{"line":48,"column":30},"end":{"line":48,"column":39}},"27":{"start":{"line":49,"column":8},"end":{"line":49,"column":39}},"28":{"start":{"line":50,"column":8},"end":{"line":50,"column":42}},"29":{"start":{"line":53,"column":4},"end":{"line":53,"column":29}},"30":{"start":{"line":56,"column":4},"end":{"line":56,"column":84}},"31":{"start":{"line":59,"column":4},"end":{"line":59,"column":29}},"32":{"start":{"line":60,"column":4},"end":{"line":60,"column":38}},"33":{"start":{"line":60,"column":28},"end":{"line":60,"column":38}},"34":{"start":{"line":61,"column":4},"end":{"line":61,"column":34}},"35":{"start":{"line":64,"column":4},"end":{"line":64,"column":31}}},"fnMap":{"0":{"name":"(anonymous_0)","decl":{"start":{"line":5,"column":2},"end":{"line":5,"column":3}},"loc":{"start":{"line":5,"column":16},"end":{"line":7,"column":3}},"line":5},"1":{"name":"(anonymous_1)","decl":{"start":{"line":11,"column":2},"end":{"line":11,"column":3}},"loc":{"start":{"line":11,"column":18},"end":{"line":13,"column":3}},"line":11},"2":{"name":"(anonymous_2)","decl":{"start":{"line":17,"column":2},"end":{"line":17,"column":3}},"loc":{"start":{"line":17,"column":20},"end":{"line":21,"column":3}},"line":17},"3":{"name":"(anonymous_3)","decl":{"start":{"line":22,"column":2},"end":{"line":22,"column":3}},"loc":{"start":{"line":22,"column":17},"end":{"line":24,"column":3}},"line":22},"4":{"name":"(anonymous_4)","decl":{"start":{"line":25,"column":2},"end":{"line":25,"column":3}},"loc":{"start":{"line":25,"column":23},"end":{"line":32,"column":3}},"line":25},"5":{"name":"(anonymous_5)","decl":{"start":{"line":33,"column":2},"end":{"line":33,"column":3}},"loc":{"start":{"line":33,"column":32},"end":{"line":39,"column":3}},"line":33},"6":{"name":"(anonymous_6)","decl":{"start":{"line":40,"column":2},"end":{"line":40,"column":3}},"loc":{"start":{"line":40,"column":27},"end":{"line":54,"column":3}},"line":40},"7":{"name":"(anonymous_7)","decl":{"start":{"line":55,"column":2},"end":{"line":55,"column":3}},"loc":{"start":{"line":55,"column":20},"end":{"line":57,"column":3}},"line":55},"8":{"name":"(anonymous_8)","decl":{"start":{"line":58,"column":2},"end":{"line":58,"column":3}},"loc":{"start":{"line":58,"column":36},"end":{"line":62,"column":3}},"line":58},"9":{"name":"(anonymous_9)","decl":{"start":{"line":63,"column":2},"end":{"line":63,"column":3}},"loc":{"start":{"line":63,"column":19},"end":{"line":65,"column":3}},"line":63}},"branchMap":{"0":{"loc":{"start":{"line":18,"column":4},"end":{"line":20,"column":5}},"type":"if","locations":[{"start":{"line":18,"column":4},"end":{"line":20,"column":5}},{"start":{},"end":{}}],"line":18},"1":{"loc":{"start":{"line":26,"column":4},"end":{"line":28,"column":5}},"type":"if","locations":[{"start":{"line":26,"column":4},"end":{"line":28,"column":5}},{"start":{},"end":{}}],"line":26},"2":{"loc":{"start":{"line":26,"column":8},"end":{"line":26,"column":54}},"type":"binary-expr","locations":[{"start":{"line":26,"column":8},"end":{"line":26,"column":33}},{"start":{"line":26,"column":37},"end":{"line":26,"column":54}}],"line":26},"3":{"loc":{"start":{"line":34,"column":4},"end":{"line":37,"column":5}},"type":"if","locations":[{"start":{"line":34,"column":4},"end":{"line":37,"column":5}},{"start":{},"end":{}}],"line":34},"4":{"loc":{"start":{"line":36,"column":13},"end":{"line":36,"column":71}},"type":"cond-expr","locations":[{"start":{"line":36,"column":34},"end":{"line":36,"column":66}},{"start":{"line":36,"column":69},"end":{"line":36,"column":71}}],"line":36},"5":{"loc":{"start":{"line":43,"column":4},"end":{"line":52,"column":5}},"type":"if","locations":[{"start":{"line":43,"column":4},"end":{"line":52,"column":5}},{"start":{},"end":{}}],"line":43},"6":{"loc":{"start":{"line":46,"column":22},"end":{"line":46,"column":69}},"type":"binary-expr","locations":[{"start":{"line":46,"column":22},"end":{"line":46,"column":38}},{"start":{"line":46,"column":42},"end":{"line":46,"column":69}}],"line":46},"7":{"loc":{"start":{"line":48,"column":8},"end":{"line":48,"column":39}},"type":"if","locations":[{"start":{"line":48,"column":8},"end":{"line":48,"column":39}},{"start":{},"end":{}}],"line":48},"8":{"loc":{"start":{"line":58,"column":22},"end":{"line":58,"column":34}},"type":"default-arg","locations":[{"start":{"line":58,"column":33},"end":{"line":58,"column":34}}],"line":58},"9":{"loc":{"start":{"line":60,"column":4},"end":{"line":60,"column":38}},"type":"if","locations":[{"start":{"line":60,"column":4},"end":{"line":60,"column":38}},{"start":{},"end":{}}],"line":60}},"s":{"0":23,"1":16,"2":16,"3":16,"4":0,"5":13,"6":9,"7":16,"8":0,"9":0,"10":0,"11":0,"12":0,"13":0,"14":0,"15":0,"16":0,"17":1,"18":1,"19":1,"20":1,"21":1,"22":1,"23":1,"24":5,"25":5,"26":0,"27":5,"28":5,"29":1,"30":0,"31":0,"32":0,"33":0,"34":0,"35":0},"f":{"0":23,"1":0,"2":13,"3":16,"4":0,"5":0,"6":1,"7":0,"8":0,"9":0},"b":{"0":[9,4],"1":[0,0],"2":[0,0],"3":[0,0],"4":[0,0],"5":[1,0],"6":[6,6],"7":[0,5],"8":[0],"9":[0,0]},"inputSourceMap":null,"_coverageSchema":"1a1c01bbd47fc00a2c39e90264f33305004495a9","hash":"967be399969118c9fd2b2978707f9b57f151d919"}
,"C:\\Users\\steve\\OneDrive\\Gaming Backlog v2\\resources\\session\\borderControl.mjs": {"path":"C:\\Users\\steve\\OneDrive\\Gaming Backlog v2\\resources\\session\\borderControl.mjs","statementMap":{"0":{"start":{"line":4,"column":2},"end":{"line":11,"column":3}},"1":{"start":{"line":5,"column":4},"end":{"line":7,"column":5}},"2":{"start":{"line":6,"column":6},"end":{"line":6,"column":51}},"3":{"start":{"line":8,"column":4},"end":{"line":8,"column":11}},"4":{"start":{"line":10,"column":4},"end":{"line":10,"column":14}},"5":{"start":{"line":15,"column":2},"end":{"line":24,"column":3}},"6":{"start":{"line":16,"column":4},"end":{"line":21,"column":5}},"7":{"start":{"line":17,"column":6},"end":{"line":17,"column":30}},"8":{"start":{"line":18,"column":6},"end":{"line":18,"column":23}},"9":{"start":{"line":20,"column":6},"end":{"line":20,"column":13}},"10":{"start":{"line":23,"column":4},"end":{"line":23,"column":14}}},"fnMap":{"0":{"name":"throwUnauthenticated","decl":{"start":{"line":3,"column":15},"end":{"line":3,"column":35}},"loc":{"start":{"line":3,"column":52},"end":{"line":12,"column":1}},"line":3},"1":{"name":"redirectToHome","decl":{"start":{"line":14,"column":15},"end":{"line":14,"column":29}},"loc":{"start":{"line":14,"column":46},"end":{"line":25,"column":1}},"line":14}},"branchMap":{"0":{"loc":{"start":{"line":5,"column":4},"end":{"line":7,"column":5}},"type":"if","locations":[{"start":{"line":5,"column":4},"end":{"line":7,"column":5}},{"start":{},"end":{}}],"line":5},"1":{"loc":{"start":{"line":16,"column":4},"end":{"line":21,"column":5}},"type":"if","locations":[{"start":{"line":16,"column":4},"end":{"line":21,"column":5}},{"start":{"line":19,"column":11},"end":{"line":21,"column":5}}],"line":16}},"s":{"0":18,"1":18,"2":6,"3":12,"4":6,"5":5,"6":5,"7":3,"8":3,"9":2,"10":0},"f":{"0":18,"1":5},"b":{"0":[6,12],"1":[3,2]},"inputSourceMap":null,"_coverageSchema":"1a1c01bbd47fc00a2c39e90264f33305004495a9","hash":"ec1ada074fd28e4b4094037122b38cf6a915d1b7"}
,"C:\\Users\\steve\\OneDrive\\Gaming Backlog v2\\resources\\session\\sessionSettings.mjs": {"path":"C:\\Users\\steve\\OneDrive\\Gaming Backlog v2\\resources\\session\\sessionSettings.mjs","statementMap":{"0":{"start":{"line":3,"column":17},"end":{"line":13,"column":1}}},"fnMap":{},"branchMap":{},"s":{"0":16},"f":{},"b":{},"inputSourceMap":null,"_coverageSchema":"1a1c01bbd47fc00a2c39e90264f33305004495a9","hash":"a48c4068238ff35ebaec1e004a08627285c6ac3d"}
,"C:\\Users\\steve\\OneDrive\\Gaming Backlog v2\\routes\\games.mjs": {"path":"C:\\Users\\steve\\OneDrive\\Gaming Backlog v2\\routes\\games.mjs","statementMap":{"0":{"start":{"line":20,"column":2},"end":{"line":20,"column":45}},"1":{"start":{"line":21,"column":2},"end":{"line":21,"column":47}},"2":{"start":{"line":22,"column":2},"end":{"line":22,"column":52}},"3":{"start":{"line":23,"column":2},"end":{"line":23,"column":46}},"4":{"start":{"line":25,"column":2},"end":{"line":25,"column":16}}},"fnMap":{"0":{"name":"(anonymous_0)","decl":{"start":{"line":11,"column":15},"end":{"line":11,"column":16}},"loc":{"start":{"line":18,"column":8},"end":{"line":26,"column":1}},"line":18}},"branchMap":{"0":{"loc":{"start":{"line":11,"column":25},"end":{"line":18,"column":6}},"type":"default-arg","locations":[{"start":{"line":18,"column":4},"end":{"line":18,"column":6}}],"line":11},"1":{"loc":{"start":{"line":12,"column":2},"end":{"line":12,"column":27}},"type":"default-arg","locations":[{"start":{"line":12,"column":11},"end":{"line":12,"column":27}}],"line":12},"2":{"loc":{"start":{"line":13,"column":2},"end":{"line":13,"column":33}},"type":"default-arg","locations":[{"start":{"line":13,"column":13},"end":{"line":13,"column":33}}],"line":13},"3":{"loc":{"start":{"line":14,"column":2},"end":{"line":14,"column":19}},"type":"default-arg","locations":[{"start":{"line":14,"column":11},"end":{"line":14,"column":19}}],"line":14},"4":{"loc":{"start":{"line":15,"column":2},"end":{"line":15,"column":29}},"type":"default-arg","locations":[{"start":{"line":15,"column":15},"end":{"line":15,"column":29}}],"line":15},"5":{"loc":{"start":{"line":16,"column":2},"end":{"line":16,"column":31}},"type":"default-arg","locations":[{"start":{"line":16,"column":16},"end":{"line":16,"column":31}}],"line":16},"6":{"loc":{"start":{"line":17,"column":2},"end":{"line":17,"column":24}},"type":"default-arg","locations":[{"start":{"line":17,"column":13},"end":{"line":17,"column":24}}],"line":17}},"s":{"0":25,"1":25,"2":25,"3":25,"4":25},"f":{"0":25},"b":{"0":[19],"1":[25],"2":[25],"3":[25],"4":[25],"5":[22],"6":[22]},"inputSourceMap":null,"_coverageSchema":"1a1c01bbd47fc00a2c39e90264f33305004495a9","hash":"1c96bb9ee7619d86a1bcc6391e3cf21b9725cb35"}
,"C:\\Users\\steve\\OneDrive\\Gaming Backlog v2\\routes\\users.mjs": {"path":"C:\\Users\\steve\\OneDrive\\Gaming Backlog v2\\routes\\users.mjs","statementMap":{"0":{"start":{"line":2,"column":15},"end":{"line":2,"column":31}},"1":{"start":{"line":15,"column":0},"end":{"line":15,"column":33}},"2":{"start":{"line":16,"column":0},"end":{"line":16,"column":34}},"3":{"start":{"line":17,"column":0},"end":{"line":17,"column":40}},"4":{"start":{"line":18,"column":0},"end":{"line":18,"column":39}},"5":{"start":{"line":21,"column":0},"end":{"line":21,"column":62}},"6":{"start":{"line":22,"column":0},"end":{"line":22,"column":59}},"7":{"start":{"line":23,"column":0},"end":{"line":23,"column":55}},"8":{"start":{"line":24,"column":0},"end":{"line":24,"column":63}}},"fnMap":{},"branchMap":{},"s":{"0":15,"1":15,"2":15,"3":15,"4":15,"5":15,"6":15,"7":15,"8":15},"f":{},"b":{},"inputSourceMap":null,"_coverageSchema":"1a1c01bbd47fc00a2c39e90264f33305004495a9","hash":"667652df5be1422b755753d743b4caca37a4717e"}
,"C:\\Users\\steve\\OneDrive\\Gaming Backlog v2\\routes\\games_middlewear\\_new.mjs": {"path":"C:\\Users\\steve\\OneDrive\\Gaming Backlog v2\\routes\\games_middlewear\\_new.mjs","statementMap":{"0":{"start":{"line":7,"column":4},"end":{"line":7,"column":33}},"1":{"start":{"line":8,"column":4},"end":{"line":8,"column":45}},"2":{"start":{"line":9,"column":4},"end":{"line":9,"column":52}},"3":{"start":{"line":12,"column":4},"end":{"line":32,"column":5}},"4":{"start":{"line":13,"column":6},"end":{"line":15,"column":7}},"5":{"start":{"line":14,"column":8},"end":{"line":14,"column":70}},"6":{"start":{"line":16,"column":34},"end":{"line":16,"column":45}},"7":{"start":{"line":17,"column":32},"end":{"line":17,"column":92}},"8":{"start":{"line":18,"column":6},"end":{"line":20,"column":7}},"9":{"start":{"line":19,"column":8},"end":{"line":19,"column":73}},"10":{"start":{"line":21,"column":17},"end":{"line":21,"column":34}},"11":{"start":{"line":22,"column":27},"end":{"line":22,"column":63}},"12":{"start":{"line":23,"column":6},"end":{"line":29,"column":8}},"13":{"start":{"line":27,"column":10},"end":{"line":27,"column":25}},"14":{"start":{"line":31,"column":6},"end":{"line":31,"column":16}},"15":{"start":{"line":37,"column":19},"end":{"line":37,"column":54}},"16":{"start":{"line":38,"column":2},"end":{"line":38,"column":24}}},"fnMap":{"0":{"name":"(anonymous_0)","decl":{"start":{"line":6,"column":2},"end":{"line":6,"column":3}},"loc":{"start":{"line":6,"column":37},"end":{"line":10,"column":3}},"line":6},"1":{"name":"(anonymous_1)","decl":{"start":{"line":11,"column":2},"end":{"line":11,"column":3}},"loc":{"start":{"line":11,"column":36},"end":{"line":33,"column":3}},"line":11},"2":{"name":"(anonymous_2)","decl":{"start":{"line":26,"column":8},"end":{"line":26,"column":9}},"loc":{"start":{"line":26,"column":27},"end":{"line":28,"column":9}},"line":26},"3":{"name":"(anonymous_3)","decl":{"start":{"line":36,"column":15},"end":{"line":36,"column":16}},"loc":{"start":{"line":36,"column":48},"end":{"line":39,"column":1}},"line":36}},"branchMap":{"0":{"loc":{"start":{"line":13,"column":6},"end":{"line":15,"column":7}},"type":"if","locations":[{"start":{"line":13,"column":6},"end":{"line":15,"column":7}},{"start":{},"end":{}}],"line":13},"1":{"loc":{"start":{"line":18,"column":6},"end":{"line":20,"column":7}},"type":"if","locations":[{"start":{"line":18,"column":6},"end":{"line":20,"column":7}},{"start":{},"end":{}}],"line":18},"2":{"loc":{"start":{"line":18,"column":10},"end":{"line":18,"column":51}},"type":"binary-expr","locations":[{"start":{"line":18,"column":10},"end":{"line":18,"column":29}},{"start":{"line":18,"column":33},"end":{"line":18,"column":51}}],"line":18}},"s":{"0":25,"1":25,"2":25,"3":3,"4":3,"5":1,"6":2,"7":2,"8":2,"9":1,"10":1,"11":1,"12":1,"13":1,"14":2,"15":25,"16":25},"f":{"0":25,"1":3,"2":1,"3":25},"b":{"0":[1,2],"1":[1,1],"2":[2,1]},"inputSourceMap":null,"_coverageSchema":"1a1c01bbd47fc00a2c39e90264f33305004495a9","hash":"822c7902dca4a93bb6c7a1c032be15bd15badaa3"}
,"C:\\Users\\steve\\OneDrive\\Gaming Backlog v2\\routes\\games_middlewear\\create.mjs": {"path":"C:\\Users\\steve\\OneDrive\\Gaming Backlog v2\\routes\\games_middlewear\\create.mjs","statementMap":{"0":{"start":{"line":7,"column":4},"end":{"line":7,"column":32}},"1":{"start":{"line":8,"column":4},"end":{"line":8,"column":34}},"2":{"start":{"line":9,"column":4},"end":{"line":9,"column":77}},"3":{"start":{"line":12,"column":4},"end":{"line":33,"column":5}},"4":{"start":{"line":13,"column":6},"end":{"line":15,"column":7}},"5":{"start":{"line":14,"column":8},"end":{"line":14,"column":56}},"6":{"start":{"line":17,"column":35},"end":{"line":17,"column":43}},"7":{"start":{"line":18,"column":17},"end":{"line":18,"column":34}},"8":{"start":{"line":19,"column":22},"end":{"line":19,"column":60}},"9":{"start":{"line":20,"column":6},"end":{"line":22,"column":7}},"10":{"start":{"line":21,"column":8},"end":{"line":21,"column":89}},"11":{"start":{"line":24,"column":41},"end":{"line":24,"column":48}},"12":{"start":{"line":25,"column":55},"end":{"line":25,"column":96}},"13":{"start":{"line":27,"column":19},"end":{"line":27,"column":95}},"14":{"start":{"line":29,"column":6},"end":{"line":29,"column":40}},"15":{"start":{"line":30,"column":6},"end":{"line":30,"column":13}},"16":{"start":{"line":32,"column":6},"end":{"line":32,"column":16}},"17":{"start":{"line":36,"column":4},"end":{"line":42,"column":5}},"18":{"start":{"line":37,"column":6},"end":{"line":39,"column":9}},"19":{"start":{"line":38,"column":8},"end":{"line":38,"column":23}},"20":{"start":{"line":41,"column":6},"end":{"line":41,"column":16}},"21":{"start":{"line":47,"column":17},"end":{"line":47,"column":48}},"22":{"start":{"line":48,"column":2},"end":{"line":48,"column":22}}},"fnMap":{"0":{"name":"(anonymous_0)","decl":{"start":{"line":6,"column":2},"end":{"line":6,"column":3}},"loc":{"start":{"line":6,"column":34},"end":{"line":10,"column":3}},"line":6},"1":{"name":"(anonymous_1)","decl":{"start":{"line":11,"column":2},"end":{"line":11,"column":3}},"loc":{"start":{"line":11,"column":42},"end":{"line":34,"column":3}},"line":11},"2":{"name":"(anonymous_2)","decl":{"start":{"line":35,"column":2},"end":{"line":35,"column":3}},"loc":{"start":{"line":35,"column":43},"end":{"line":43,"column":3}},"line":35},"3":{"name":"(anonymous_3)","decl":{"start":{"line":37,"column":43},"end":{"line":37,"column":44}},"loc":{"start":{"line":37,"column":56},"end":{"line":39,"column":7}},"line":37},"4":{"name":"(anonymous_4)","decl":{"start":{"line":46,"column":15},"end":{"line":46,"column":16}},"loc":{"start":{"line":46,"column":45},"end":{"line":49,"column":1}},"line":46}},"branchMap":{"0":{"loc":{"start":{"line":13,"column":6},"end":{"line":15,"column":7}},"type":"if","locations":[{"start":{"line":13,"column":6},"end":{"line":15,"column":7}},{"start":{},"end":{}}],"line":13},"1":{"loc":{"start":{"line":20,"column":6},"end":{"line":22,"column":7}},"type":"if","locations":[{"start":{"line":20,"column":6},"end":{"line":22,"column":7}},{"start":{},"end":{}}],"line":20}},"s":{"0":25,"1":25,"2":25,"3":3,"4":3,"5":1,"6":2,"7":2,"8":2,"9":2,"10":1,"11":1,"12":1,"13":1,"14":1,"15":1,"16":2,"17":1,"18":1,"19":1,"20":0,"21":25,"22":25},"f":{"0":25,"1":3,"2":1,"3":1,"4":25},"b":{"0":[1,2],"1":[1,1]},"inputSourceMap":null,"_coverageSchema":"1a1c01bbd47fc00a2c39e90264f33305004495a9","hash":"7965ca6792ba4037d966f38a50f9f550ae52d834"}
,"C:\\Users\\steve\\OneDrive\\Gaming Backlog v2\\routes\\games_middlewear\\destroy.mjs": {"path":"C:\\Users\\steve\\OneDrive\\Gaming Backlog v2\\routes\\games_middlewear\\destroy.mjs","statementMap":{"0":{"start":{"line":5,"column":4},"end":{"line":5,"column":29}},"1":{"start":{"line":6,"column":4},"end":{"line":6,"column":69}},"2":{"start":{"line":9,"column":4},"end":{"line":22,"column":5}},"3":{"start":{"line":11,"column":6},"end":{"line":13,"column":7}},"4":{"start":{"line":12,"column":8},"end":{"line":12,"column":58}},"5":{"start":{"line":15,"column":24},"end":{"line":15,"column":32}},"6":{"start":{"line":16,"column":17},"end":{"line":16,"column":34}},"7":{"start":{"line":17,"column":19},"end":{"line":17,"column":63}},"8":{"start":{"line":18,"column":6},"end":{"line":18,"column":40}},"9":{"start":{"line":19,"column":6},"end":{"line":19,"column":13}},"10":{"start":{"line":21,"column":6},"end":{"line":21,"column":16}},"11":{"start":{"line":25,"column":4},"end":{"line":31,"column":5}},"12":{"start":{"line":26,"column":6},"end":{"line":28,"column":9}},"13":{"start":{"line":27,"column":8},"end":{"line":27,"column":23}},"14":{"start":{"line":30,"column":6},"end":{"line":30,"column":16}},"15":{"start":{"line":36,"column":18},"end":{"line":36,"column":41}},"16":{"start":{"line":37,"column":2},"end":{"line":37,"column":23}}},"fnMap":{"0":{"name":"(anonymous_0)","decl":{"start":{"line":4,"column":2},"end":{"line":4,"column":3}},"loc":{"start":{"line":4,"column":24},"end":{"line":7,"column":3}},"line":4},"1":{"name":"(anonymous_1)","decl":{"start":{"line":8,"column":2},"end":{"line":8,"column":3}},"loc":{"start":{"line":8,"column":36},"end":{"line":23,"column":3}},"line":8},"2":{"name":"(anonymous_2)","decl":{"start":{"line":24,"column":2},"end":{"line":24,"column":3}},"loc":{"start":{"line":24,"column":36},"end":{"line":32,"column":3}},"line":24},"3":{"name":"(anonymous_3)","decl":{"start":{"line":26,"column":43},"end":{"line":26,"column":44}},"loc":{"start":{"line":26,"column":56},"end":{"line":28,"column":7}},"line":26},"4":{"name":"(anonymous_4)","decl":{"start":{"line":35,"column":15},"end":{"line":35,"column":16}},"loc":{"start":{"line":35,"column":35},"end":{"line":38,"column":1}},"line":35}},"branchMap":{"0":{"loc":{"start":{"line":11,"column":6},"end":{"line":13,"column":7}},"type":"if","locations":[{"start":{"line":11,"column":6},"end":{"line":13,"column":7}},{"start":{},"end":{}}],"line":11},"1":{"loc":{"start":{"line":11,"column":10},"end":{"line":11,"column":63}},"type":"binary-expr","locations":[{"start":{"line":11,"column":10},"end":{"line":11,"column":32}},{"start":{"line":11,"column":36},"end":{"line":11,"column":63}}],"line":11}},"s":{"0":25,"1":25,"2":2,"3":2,"4":1,"5":1,"6":1,"7":1,"8":1,"9":1,"10":1,"11":1,"12":1,"13":1,"14":0,"15":25,"16":25},"f":{"0":25,"1":2,"2":1,"3":1,"4":25},"b":{"0":[1,1],"1":[2,1]},"inputSourceMap":null,"_coverageSchema":"1a1c01bbd47fc00a2c39e90264f33305004495a9","hash":"207ff6e38c425cf7da17970ccb4db7aecb716ee8"}
,"C:\\Users\\steve\\OneDrive\\Gaming Backlog v2\\routes\\games_middlewear\\index.mjs": {"path":"C:\\Users\\steve\\OneDrive\\Gaming Backlog v2\\routes\\games_middlewear\\index.mjs","statementMap":{"0":{"start":{"line":5,"column":4},"end":{"line":5,"column":29}},"1":{"start":{"line":6,"column":4},"end":{"line":6,"column":25}},"2":{"start":{"line":7,"column":4},"end":{"line":7,"column":62}},"3":{"start":{"line":10,"column":4},"end":{"line":17,"column":5}},"4":{"start":{"line":11,"column":6},"end":{"line":14,"column":9}},"5":{"start":{"line":12,"column":8},"end":{"line":12,"column":53}},"6":{"start":{"line":12,"column":17},"end":{"line":12,"column":53}},"7":{"start":{"line":13,"column":8},"end":{"line":13,"column":23}},"8":{"start":{"line":16,"column":6},"end":{"line":16,"column":16}},"9":{"start":{"line":22,"column":15},"end":{"line":22,"column":44}},"10":{"start":{"line":23,"column":2},"end":{"line":23,"column":20}}},"fnMap":{"0":{"name":"(anonymous_0)","decl":{"start":{"line":4,"column":2},"end":{"line":4,"column":3}},"loc":{"start":{"line":4,"column":32},"end":{"line":8,"column":3}},"line":4},"1":{"name":"(anonymous_1)","decl":{"start":{"line":9,"column":2},"end":{"line":9,"column":3}},"loc":{"start":{"line":9,"column":34},"end":{"line":18,"column":3}},"line":9},"2":{"name":"(anonymous_2)","decl":{"start":{"line":11,"column":26},"end":{"line":11,"column":27}},"loc":{"start":{"line":11,"column":41},"end":{"line":14,"column":7}},"line":11},"3":{"name":"(anonymous_3)","decl":{"start":{"line":21,"column":15},"end":{"line":21,"column":16}},"loc":{"start":{"line":21,"column":43},"end":{"line":24,"column":1}},"line":21}},"branchMap":{"0":{"loc":{"start":{"line":12,"column":8},"end":{"line":12,"column":53}},"type":"if","locations":[{"start":{"line":12,"column":8},"end":{"line":12,"column":53}},{"start":{},"end":{}}],"line":12}},"s":{"0":25,"1":25,"2":25,"3":1,"4":1,"5":1,"6":0,"7":1,"8":0,"9":25,"10":25},"f":{"0":25,"1":1,"2":1,"3":25},"b":{"0":[0,1]},"inputSourceMap":null,"_coverageSchema":"1a1c01bbd47fc00a2c39e90264f33305004495a9","hash":"96b8996d040768aa54c8d1fb6366af06ec02d07b"}
,"C:\\Users\\steve\\OneDrive\\Gaming Backlog v2\\routes\\users_middlewear\\_new.mjs": {"path":"C:\\Users\\steve\\OneDrive\\Gaming Backlog v2\\routes\\users_middlewear\\_new.mjs","statementMap":{"0":{"start":{"line":3,"column":4},"end":{"line":3,"column":31}},"1":{"start":{"line":6,"column":4},"end":{"line":12,"column":5}},"2":{"start":{"line":7,"column":6},"end":{"line":9,"column":9}},"3":{"start":{"line":8,"column":8},"end":{"line":8,"column":23}},"4":{"start":{"line":11,"column":6},"end":{"line":11,"column":16}},"5":{"start":{"line":17,"column":15},"end":{"line":17,"column":27}},"6":{"start":{"line":18,"column":2},"end":{"line":18,"column":20}}},"fnMap":{"0":{"name":"(anonymous_0)","decl":{"start":{"line":2,"column":2},"end":{"line":2,"column":3}},"loc":{"start":{"line":2,"column":16},"end":{"line":4,"column":3}},"line":2},"1":{"name":"(anonymous_1)","decl":{"start":{"line":5,"column":2},"end":{"line":5,"column":3}},"loc":{"start":{"line":5,"column":36},"end":{"line":13,"column":3}},"line":5},"2":{"name":"(anonymous_2)","decl":{"start":{"line":7,"column":35},"end":{"line":7,"column":36}},"loc":{"start":{"line":7,"column":48},"end":{"line":9,"column":7}},"line":7},"3":{"name":"(anonymous_3)","decl":{"start":{"line":16,"column":15},"end":{"line":16,"column":16}},"loc":{"start":{"line":16,"column":27},"end":{"line":19,"column":1}},"line":16}},"branchMap":{},"s":{"0":15,"1":2,"2":2,"3":2,"4":0,"5":15,"6":15},"f":{"0":15,"1":2,"2":2,"3":15},"b":{},"inputSourceMap":null,"_coverageSchema":"1a1c01bbd47fc00a2c39e90264f33305004495a9","hash":"7bfc2fd434f6c716ad378bba74948eb7db6e18c7"}
,"C:\\Users\\steve\\OneDrive\\Gaming Backlog v2\\routes\\users_middlewear\\destroy.mjs": {"path":"C:\\Users\\steve\\OneDrive\\Gaming Backlog v2\\routes\\users_middlewear\\destroy.mjs","statementMap":{"0":{"start":{"line":5,"column":4},"end":{"line":5,"column":29}},"1":{"start":{"line":6,"column":4},"end":{"line":6,"column":47}},"2":{"start":{"line":9,"column":4},"end":{"line":15,"column":5}},"3":{"start":{"line":10,"column":17},"end":{"line":10,"column":34}},"4":{"start":{"line":11,"column":6},"end":{"line":11,"column":41}},"5":{"start":{"line":12,"column":6},"end":{"line":12,"column":29}},"6":{"start":{"line":14,"column":6},"end":{"line":14,"column":16}},"7":{"start":{"line":20,"column":28},"end":{"line":20,"column":58}},"8":{"start":{"line":21,"column":2},"end":{"line":21,"column":33}}},"fnMap":{"0":{"name":"(anonymous_0)","decl":{"start":{"line":4,"column":2},"end":{"line":4,"column":3}},"loc":{"start":{"line":4,"column":24},"end":{"line":7,"column":3}},"line":4},"1":{"name":"(anonymous_1)","decl":{"start":{"line":8,"column":2},"end":{"line":8,"column":3}},"loc":{"start":{"line":8,"column":32},"end":{"line":16,"column":3}},"line":8},"2":{"name":"(anonymous_2)","decl":{"start":{"line":19,"column":15},"end":{"line":19,"column":16}},"loc":{"start":{"line":19,"column":35},"end":{"line":22,"column":1}},"line":19}},"branchMap":{},"s":{"0":15,"1":15,"2":0,"3":0,"4":0,"5":0,"6":0,"7":15,"8":15},"f":{"0":15,"1":0,"2":15},"b":{},"inputSourceMap":null,"_coverageSchema":"1a1c01bbd47fc00a2c39e90264f33305004495a9","hash":"276bb876be7861f0de011e1517314decdf31b3da"}
,"C:\\Users\\steve\\OneDrive\\Gaming Backlog v2\\routes\\users_middlewear\\index.mjs": {"path":"C:\\Users\\steve\\OneDrive\\Gaming Backlog v2\\routes\\users_middlewear\\index.mjs","statementMap":{"0":{"start":{"line":3,"column":4},"end":{"line":3,"column":25}},"1":{"start":{"line":4,"column":4},"end":{"line":4,"column":68}},"2":{"start":{"line":7,"column":4},"end":{"line":16,"column":5}},"3":{"start":{"line":8,"column":6},"end":{"line":13,"column":7}},"4":{"start":{"line":9,"column":8},"end":{"line":9,"column":37}},"5":{"start":{"line":10,"column":8},"end":{"line":10,"column":30}},"6":{"start":{"line":12,"column":8},"end":{"line":12,"column":15}},"7":{"start":{"line":15,"column":6},"end":{"line":15,"column":16}},"8":{"start":{"line":19,"column":4},"end":{"line":25,"column":5}},"9":{"start":{"line":20,"column":6},"end":{"line":22,"column":9}},"10":{"start":{"line":21,"column":8},"end":{"line":21,"column":23}},"11":{"start":{"line":24,"column":6},"end":{"line":24,"column":16}},"12":{"start":{"line":30,"column":16},"end":{"line":30,"column":35}},"13":{"start":{"line":31,"column":2},"end":{"line":31,"column":21}}},"fnMap":{"0":{"name":"(anonymous_0)","decl":{"start":{"line":2,"column":2},"end":{"line":2,"column":3}},"loc":{"start":{"line":2,"column":22},"end":{"line":5,"column":3}},"line":2},"1":{"name":"(anonymous_1)","decl":{"start":{"line":6,"column":2},"end":{"line":6,"column":3}},"loc":{"start":{"line":6,"column":34},"end":{"line":17,"column":3}},"line":6},"2":{"name":"(anonymous_2)","decl":{"start":{"line":18,"column":2},"end":{"line":18,"column":3}},"loc":{"start":{"line":18,"column":39},"end":{"line":26,"column":3}},"line":18},"3":{"name":"(anonymous_3)","decl":{"start":{"line":20,"column":32},"end":{"line":20,"column":33}},"loc":{"start":{"line":20,"column":45},"end":{"line":22,"column":7}},"line":20},"4":{"name":"(anonymous_4)","decl":{"start":{"line":29,"column":15},"end":{"line":29,"column":16}},"loc":{"start":{"line":29,"column":35},"end":{"line":32,"column":1}},"line":29}},"branchMap":{"0":{"loc":{"start":{"line":8,"column":6},"end":{"line":13,"column":7}},"type":"if","locations":[{"start":{"line":8,"column":6},"end":{"line":13,"column":7}},{"start":{"line":11,"column":13},"end":{"line":13,"column":7}}],"line":8}},"s":{"0":15,"1":15,"2":7,"3":7,"4":2,"5":2,"6":5,"7":0,"8":5,"9":5,"10":5,"11":0,"12":15,"13":15},"f":{"0":15,"1":7,"2":5,"3":5,"4":15},"b":{"0":[2,5]},"inputSourceMap":null,"_coverageSchema":"1a1c01bbd47fc00a2c39e90264f33305004495a9","hash":"9e95ee368e8543c1e39464ec875047ca03dc6ba8"}
,"C:\\Users\\steve\\OneDrive\\Gaming Backlog v2\\routes\\users_middlewear\\login.mjs": {"path":"C:\\Users\\steve\\OneDrive\\Gaming Backlog v2\\routes\\users_middlewear\\login.mjs","statementMap":{"0":{"start":{"line":5,"column":4},"end":{"line":5,"column":25}},"1":{"start":{"line":6,"column":4},"end":{"line":6,"column":65}},"2":{"start":{"line":9,"column":4},"end":{"line":27,"column":5}},"3":{"start":{"line":10,"column":6},"end":{"line":12,"column":7}},"4":{"start":{"line":11,"column":8},"end":{"line":11,"column":56}},"5":{"start":{"line":14,"column":17},"end":{"line":14,"column":34}},"6":{"start":{"line":15,"column":6},"end":{"line":15,"column":24}},"7":{"start":{"line":16,"column":37},"end":{"line":16,"column":45}},"8":{"start":{"line":17,"column":17},"end":{"line":17,"column":52}},"9":{"start":{"line":19,"column":6},"end":{"line":22,"column":7}},"10":{"start":{"line":20,"column":24},"end":{"line":20,"column":40}},"11":{"start":{"line":21,"column":8},"end":{"line":21,"column":51}},"12":{"start":{"line":23,"column":6},"end":{"line":23,"column":34}},"13":{"start":{"line":24,"column":6},"end":{"line":24,"column":13}},"14":{"start":{"line":26,"column":6},"end":{"line":26,"column":16}},"15":{"start":{"line":30,"column":4},"end":{"line":34,"column":5}},"16":{"start":{"line":31,"column":6},"end":{"line":31,"column":47}},"17":{"start":{"line":33,"column":6},"end":{"line":33,"column":16}},"18":{"start":{"line":40,"column":16},"end":{"line":40,"column":33}},"19":{"start":{"line":41,"column":2},"end":{"line":41,"column":21}}},"fnMap":{"0":{"name":"(anonymous_0)","decl":{"start":{"line":4,"column":2},"end":{"line":4,"column":3}},"loc":{"start":{"line":4,"column":22},"end":{"line":7,"column":3}},"line":4},"1":{"name":"(anonymous_1)","decl":{"start":{"line":8,"column":2},"end":{"line":8,"column":3}},"loc":{"start":{"line":8,"column":37},"end":{"line":28,"column":3}},"line":8},"2":{"name":"(anonymous_2)","decl":{"start":{"line":29,"column":2},"end":{"line":29,"column":3}},"loc":{"start":{"line":29,"column":33},"end":{"line":35,"column":3}},"line":29},"3":{"name":"(anonymous_3)","decl":{"start":{"line":39,"column":15},"end":{"line":39,"column":16}},"loc":{"start":{"line":39,"column":33},"end":{"line":42,"column":1}},"line":39}},"branchMap":{"0":{"loc":{"start":{"line":10,"column":6},"end":{"line":12,"column":7}},"type":"if","locations":[{"start":{"line":10,"column":6},"end":{"line":12,"column":7}},{"start":{},"end":{}}],"line":10},"1":{"loc":{"start":{"line":19,"column":6},"end":{"line":22,"column":7}},"type":"if","locations":[{"start":{"line":19,"column":6},"end":{"line":22,"column":7}},{"start":{},"end":{}}],"line":19},"2":{"loc":{"start":{"line":19,"column":10},"end":{"line":19,"column":54}},"type":"binary-expr","locations":[{"start":{"line":19,"column":10},"end":{"line":19,"column":31}},{"start":{"line":19,"column":35},"end":{"line":19,"column":54}}],"line":19}},"s":{"0":15,"1":15,"2":3,"3":3,"4":1,"5":2,"6":2,"7":2,"8":2,"9":1,"10":0,"11":0,"12":1,"13":1,"14":2,"15":1,"16":1,"17":0,"18":15,"19":15},"f":{"0":15,"1":3,"2":1,"3":15},"b":{"0":[1,2],"1":[0,1],"2":[1,0]},"inputSourceMap":null,"_coverageSchema":"1a1c01bbd47fc00a2c39e90264f33305004495a9","hash":"edf53577a71128ae6547795b7e1cff7381933f7c"}
,"C:\\Users\\steve\\OneDrive\\Gaming Backlog v2\\routes\\users_middlewear\\logout.mjs": {"path":"C:\\Users\\steve\\OneDrive\\Gaming Backlog v2\\routes\\users_middlewear\\logout.mjs","statementMap":{"0":{"start":{"line":5,"column":4},"end":{"line":5,"column":29}},"1":{"start":{"line":6,"column":4},"end":{"line":6,"column":25}},"2":{"start":{"line":7,"column":4},"end":{"line":7,"column":82}},"3":{"start":{"line":10,"column":4},"end":{"line":10,"column":28}},"4":{"start":{"line":11,"column":4},"end":{"line":11,"column":11}},"5":{"start":{"line":14,"column":4},"end":{"line":24,"column":5}},"6":{"start":{"line":15,"column":6},"end":{"line":21,"column":8}},"7":{"start":{"line":18,"column":10},"end":{"line":18,"column":55}},"8":{"start":{"line":18,"column":19},"end":{"line":18,"column":55}},"9":{"start":{"line":19,"column":10},"end":{"line":19,"column":72}},"10":{"start":{"line":23,"column":6},"end":{"line":23,"column":16}},"11":{"start":{"line":29,"column":17},"end":{"line":29,"column":55}},"12":{"start":{"line":30,"column":2},"end":{"line":30,"column":22}}},"fnMap":{"0":{"name":"(anonymous_0)","decl":{"start":{"line":4,"column":2},"end":{"line":4,"column":3}},"loc":{"start":{"line":4,"column":32},"end":{"line":8,"column":3}},"line":4},"1":{"name":"(anonymous_1)","decl":{"start":{"line":9,"column":2},"end":{"line":9,"column":3}},"loc":{"start":{"line":9,"column":33},"end":{"line":12,"column":3}},"line":9},"2":{"name":"(anonymous_2)","decl":{"start":{"line":13,"column":2},"end":{"line":13,"column":3}},"loc":{"start":{"line":13,"column":39},"end":{"line":25,"column":3}},"line":13},"3":{"name":"(anonymous_3)","decl":{"start":{"line":17,"column":8},"end":{"line":17,"column":9}},"loc":{"start":{"line":17,"column":17},"end":{"line":20,"column":9}},"line":17},"4":{"name":"(anonymous_4)","decl":{"start":{"line":28,"column":15},"end":{"line":28,"column":16}},"loc":{"start":{"line":28,"column":43},"end":{"line":31,"column":1}},"line":28}},"branchMap":{"0":{"loc":{"start":{"line":18,"column":10},"end":{"line":18,"column":55}},"type":"if","locations":[{"start":{"line":18,"column":10},"end":{"line":18,"column":55}},{"start":{},"end":{}}],"line":18}},"s":{"0":15,"1":15,"2":15,"3":1,"4":1,"5":1,"6":1,"7":1,"8":0,"9":1,"10":0,"11":15,"12":15},"f":{"0":15,"1":1,"2":1,"3":1,"4":15},"b":{"0":[0,1]},"inputSourceMap":null,"_coverageSchema":"1a1c01bbd47fc00a2c39e90264f33305004495a9","hash":"acd19f04cf48bdcf236431607d8dedb3b4f7483b"}
,"C:\\Users\\steve\\OneDrive\\Gaming Backlog v2\\routes\\users_middlewear\\register.mjs": {"path":"C:\\Users\\steve\\OneDrive\\Gaming Backlog v2\\routes\\users_middlewear\\register.mjs","statementMap":{"0":{"start":{"line":5,"column":4},"end":{"line":5,"column":25}},"1":{"start":{"line":6,"column":4},"end":{"line":12,"column":6}},"2":{"start":{"line":15,"column":4},"end":{"line":22,"column":5}},"3":{"start":{"line":16,"column":6},"end":{"line":18,"column":7}},"4":{"start":{"line":17,"column":8},"end":{"line":17,"column":56}},"5":{"start":{"line":19,"column":6},"end":{"line":19,"column":13}},"6":{"start":{"line":21,"column":6},"end":{"line":21,"column":16}},"7":{"start":{"line":25,"column":4},"end":{"line":35,"column":5}},"8":{"start":{"line":26,"column":6},"end":{"line":31,"column":7}},"9":{"start":{"line":27,"column":19},"end":{"line":27,"column":36}},"10":{"start":{"line":28,"column":8},"end":{"line":28,"column":27}},"11":{"start":{"line":29,"column":22},"end":{"line":29,"column":41}},"12":{"start":{"line":30,"column":8},"end":{"line":30,"column":37}},"13":{"start":{"line":32,"column":6},"end":{"line":32,"column":13}},"14":{"start":{"line":34,"column":6},"end":{"line":34,"column":16}},"15":{"start":{"line":38,"column":4},"end":{"line":54,"column":5}},"16":{"start":{"line":39,"column":6},"end":{"line":50,"column":7}},"17":{"start":{"line":40,"column":19},"end":{"line":40,"column":36}},"18":{"start":{"line":42,"column":8},"end":{"line":42,"column":26}},"19":{"start":{"line":43,"column":19},"end":{"line":43,"column":44}},"20":{"start":{"line":45,"column":8},"end":{"line":48,"column":9}},"21":{"start":{"line":46,"column":26},"end":{"line":46,"column":42}},"22":{"start":{"line":47,"column":10},"end":{"line":47,"column":53}},"23":{"start":{"line":49,"column":8},"end":{"line":49,"column":36}},"24":{"start":{"line":51,"column":6},"end":{"line":51,"column":13}},"25":{"start":{"line":53,"column":6},"end":{"line":53,"column":16}},"26":{"start":{"line":57,"column":4},"end":{"line":61,"column":5}},"27":{"start":{"line":58,"column":6},"end":{"line":58,"column":45}},"28":{"start":{"line":60,"column":6},"end":{"line":60,"column":16}},"29":{"start":{"line":66,"column":19},"end":{"line":66,"column":39}},"30":{"start":{"line":67,"column":2},"end":{"line":67,"column":24}}},"fnMap":{"0":{"name":"(anonymous_0)","decl":{"start":{"line":4,"column":2},"end":{"line":4,"column":3}},"loc":{"start":{"line":4,"column":22},"end":{"line":13,"column":3}},"line":4},"1":{"name":"(anonymous_1)","decl":{"start":{"line":14,"column":2},"end":{"line":14,"column":3}},"loc":{"start":{"line":14,"column":37},"end":{"line":23,"column":3}},"line":14},"2":{"name":"(anonymous_2)","decl":{"start":{"line":24,"column":2},"end":{"line":24,"column":3}},"loc":{"start":{"line":24,"column":36},"end":{"line":36,"column":3}},"line":24},"3":{"name":"(anonymous_3)","decl":{"start":{"line":37,"column":2},"end":{"line":37,"column":3}},"loc":{"start":{"line":37,"column":35},"end":{"line":55,"column":3}},"line":37},"4":{"name":"(anonymous_4)","decl":{"start":{"line":56,"column":2},"end":{"line":56,"column":3}},"loc":{"start":{"line":56,"column":33},"end":{"line":62,"column":3}},"line":56},"5":{"name":"(anonymous_5)","decl":{"start":{"line":65,"column":15},"end":{"line":65,"column":16}},"loc":{"start":{"line":65,"column":33},"end":{"line":68,"column":1}},"line":65}},"branchMap":{"0":{"loc":{"start":{"line":16,"column":6},"end":{"line":18,"column":7}},"type":"if","locations":[{"start":{"line":16,"column":6},"end":{"line":18,"column":7}},{"start":{},"end":{}}],"line":16},"1":{"loc":{"start":{"line":26,"column":6},"end":{"line":31,"column":7}},"type":"if","locations":[{"start":{"line":26,"column":6},"end":{"line":31,"column":7}},{"start":{},"end":{}}],"line":26},"2":{"loc":{"start":{"line":39,"column":6},"end":{"line":50,"column":7}},"type":"if","locations":[{"start":{"line":39,"column":6},"end":{"line":50,"column":7}},{"start":{},"end":{}}],"line":39},"3":{"loc":{"start":{"line":45,"column":8},"end":{"line":48,"column":9}},"type":"if","locations":[{"start":{"line":45,"column":8},"end":{"line":48,"column":9}},{"start":{},"end":{}}],"line":45},"4":{"loc":{"start":{"line":45,"column":12},"end":{"line":45,"column":59}},"type":"binary-expr","locations":[{"start":{"line":45,"column":12},"end":{"line":45,"column":32}},{"start":{"line":45,"column":36},"end":{"line":45,"column":59}}],"line":45}},"s":{"0":15,"1":15,"2":6,"3":6,"4":1,"5":5,"6":1,"7":5,"8":5,"9":1,"10":1,"11":1,"12":1,"13":4,"14":1,"15":4,"16":4,"17":4,"18":4,"19":4,"20":4,"21":0,"22":0,"23":4,"24":2,"25":2,"26":2,"27":2,"28":0,"29":15,"30":15},"f":{"0":15,"1":6,"2":5,"3":4,"4":2,"5":15},"b":{"0":[1,5],"1":[1,4],"2":[4,0],"3":[0,4],"4":[4,0]},"inputSourceMap":null,"_coverageSchema":"1a1c01bbd47fc00a2c39e90264f33305004495a9","hash":"cf919579bc70add2b3dad43fb218a94e2391c096"}
,"C:\\Users\\steve\\OneDrive\\Gaming Backlog v2\\routes\\users_middlewear\\show.mjs": {"path":"C:\\Users\\steve\\OneDrive\\Gaming Backlog v2\\routes\\users_middlewear\\show.mjs","statementMap":{"0":{"start":{"line":3,"column":4},"end":{"line":3,"column":29}},"1":{"start":{"line":4,"column":4},"end":{"line":4,"column":25}},"2":{"start":{"line":5,"column":4},"end":{"line":5,"column":63}},"3":{"start":{"line":8,"column":4},"end":{"line":14,"column":5}},"4":{"start":{"line":9,"column":6},"end":{"line":11,"column":9}},"5":{"start":{"line":10,"column":8},"end":{"line":10,"column":23}},"6":{"start":{"line":13,"column":6},"end":{"line":13,"column":16}},"7":{"start":{"line":19,"column":22},"end":{"line":19,"column":52}},"8":{"start":{"line":20,"column":2},"end":{"line":20,"column":27}}},"fnMap":{"0":{"name":"(anonymous_0)","decl":{"start":{"line":2,"column":2},"end":{"line":2,"column":3}},"loc":{"start":{"line":2,"column":32},"end":{"line":6,"column":3}},"line":2},"1":{"name":"(anonymous_1)","decl":{"start":{"line":7,"column":2},"end":{"line":7,"column":3}},"loc":{"start":{"line":7,"column":35},"end":{"line":15,"column":3}},"line":7},"2":{"name":"(anonymous_2)","decl":{"start":{"line":9,"column":34},"end":{"line":9,"column":35}},"loc":{"start":{"line":9,"column":47},"end":{"line":11,"column":7}},"line":9},"3":{"name":"(anonymous_3)","decl":{"start":{"line":18,"column":15},"end":{"line":18,"column":16}},"loc":{"start":{"line":18,"column":43},"end":{"line":21,"column":1}},"line":18}},"branchMap":{},"s":{"0":15,"1":15,"2":15,"3":1,"4":1,"5":1,"6":0,"7":15,"8":15},"f":{"0":15,"1":1,"2":1,"3":15},"b":{},"inputSourceMap":null,"_coverageSchema":"1a1c01bbd47fc00a2c39e90264f33305004495a9","hash":"456fd93c9d3f0a95d95d99073abf2dbbc6de83ee"}
,"C:\\Users\\steve\\OneDrive\\Gaming Backlog v2\\routes\\users_middlewear\\update.mjs": {"path":"C:\\Users\\steve\\OneDrive\\Gaming Backlog v2\\routes\\users_middlewear\\update.mjs","statementMap":{"0":{"start":{"line":5,"column":4},"end":{"line":5,"column":29}},"1":{"start":{"line":6,"column":4},"end":{"line":6,"column":46}},"2":{"start":{"line":9,"column":4},"end":{"line":25,"column":5}},"3":{"start":{"line":11,"column":17},"end":{"line":11,"column":34}},"4":{"start":{"line":12,"column":19},"end":{"line":12,"column":62}},"5":{"start":{"line":13,"column":6},"end":{"line":15,"column":7}},"6":{"start":{"line":14,"column":8},"end":{"line":14,"column":54}},"7":{"start":{"line":17,"column":6},"end":{"line":20,"column":7}},"8":{"start":{"line":18,"column":8},"end":{"line":18,"column":41}},"9":{"start":{"line":18,"column":32},"end":{"line":18,"column":41}},"10":{"start":{"line":19,"column":8},"end":{"line":19,"column":34}},"11":{"start":{"line":22,"column":6},"end":{"line":22,"column":36}},"12":{"start":{"line":24,"column":6},"end":{"line":24,"column":16}},"13":{"start":{"line":30,"column":17},"end":{"line":30,"column":37}},"14":{"start":{"line":31,"column":2},"end":{"line":31,"column":22}}},"fnMap":{"0":{"name":"(anonymous_0)","decl":{"start":{"line":4,"column":2},"end":{"line":4,"column":3}},"loc":{"start":{"line":4,"column":24},"end":{"line":7,"column":3}},"line":4},"1":{"name":"(anonymous_1)","decl":{"start":{"line":8,"column":2},"end":{"line":8,"column":3}},"loc":{"start":{"line":8,"column":31},"end":{"line":26,"column":3}},"line":8},"2":{"name":"(anonymous_2)","decl":{"start":{"line":29,"column":15},"end":{"line":29,"column":16}},"loc":{"start":{"line":29,"column":35},"end":{"line":32,"column":1}},"line":29}},"branchMap":{"0":{"loc":{"start":{"line":13,"column":6},"end":{"line":15,"column":7}},"type":"if","locations":[{"start":{"line":13,"column":6},"end":{"line":15,"column":7}},{"start":{},"end":{}}],"line":13},"1":{"loc":{"start":{"line":18,"column":8},"end":{"line":18,"column":41}},"type":"if","locations":[{"start":{"line":18,"column":8},"end":{"line":18,"column":41}},{"start":{},"end":{}}],"line":18}},"s":{"0":15,"1":15,"2":3,"3":3,"4":3,"5":3,"6":0,"7":3,"8":4,"9":1,"10":3,"11":3,"12":0,"13":15,"14":15},"f":{"0":15,"1":3,"2":15},"b":{"0":[0,3],"1":[1,3]},"inputSourceMap":null,"_coverageSchema":"1a1c01bbd47fc00a2c39e90264f33305004495a9","hash":"9b79a989e372c3cb6d32578048ac0179e3b811ca"}
}
