TN:
SF:app.mjs
FN:26,(anonymous_0)
FN:53,(anonymous_1)
FN:59,(anonymous_2)
FN:60,(anonymous_3)
FN:61,(anonymous_4)
FN:69,notFound
FN:73,errorHandler
FNF:7
FNH:2
FNDA:1,(anonymous_0)
FNDA:1,(anonymous_1)
FNDA:0,(anonymous_2)
FNDA:0,(anonymous_3)
FNDA:0,(anonymous_4)
FNDA:0,notFound
FNDA:0,errorHandler
DA:17,1
DA:31,1
DA:32,1
DA:33,1
DA:34,1
DA:35,1
DA:36,1
DA:37,1
DA:40,1
DA:41,1
DA:42,0
DA:44,1
DA:46,1
DA:49,1
DA:52,1
DA:53,1
DA:54,1
DA:58,1
DA:59,1
DA:60,1
DA:61,1
DA:64,1
DA:67,1
DA:68,1
DA:69,1
DA:70,0
DA:73,1
DA:74,0
DA:75,0
DA:76,0
DA:79,1
LF:31
LH:26
BRDA:27,0,0,0
BRDA:28,1,0,0
BRDA:29,2,0,0
BRDA:40,3,0,1
BRDA:40,3,1,0
BRDA:41,4,0,0
BRDA:41,4,1,1
BRDA:54,5,0,0
BRDA:54,5,1,1
BRDA:75,6,0,0
BRDA:75,6,1,0
BRDA:76,7,0,0
BRDA:76,7,1,0
BRF:13
BRH:3
end_of_record
TN:
SF:puppeteer.config.cjs
FNF:0
FNH:0
DA:1,1
DA:6,1
LF:2
LH:2
BRF:0
BRH:0
end_of_record
TN:
SF:db\connection.mjs
FN:8,connectionFactory
FNF:1
FNH:1
FNDA:1,connectionFactory
DA:9,1
DA:10,1
DA:11,1
DA:12,1
DA:13,1
DA:14,1
LF:6
LH:6
BRF:0
BRH:0
end_of_record
TN:
SF:db\index.mjs
FN:17,(anonymous_0)
FN:22,(anonymous_1)
FN:26,(anonymous_2)
FN:29,(anonymous_3)
FN:33,(anonymous_4)
FN:37,(anonymous_5)
FN:45,(anonymous_6)
FN:48,(anonymous_7)
FN:51,(anonymous_8)
FN:54,(anonymous_9)
FN:57,(anonymous_10)
FN:61,(anonymous_11)
FN:65,(anonymous_12)
FN:68,(anonymous_13)
FN:73,freshDB
FNF:15
FNH:3
FNDA:1,(anonymous_0)
FNDA:0,(anonymous_1)
FNDA:0,(anonymous_2)
FNDA:0,(anonymous_3)
FNDA:1,(anonymous_4)
FNDA:0,(anonymous_5)
FNDA:0,(anonymous_6)
FNDA:0,(anonymous_7)
FNDA:0,(anonymous_8)
FNDA:0,(anonymous_9)
FNDA:0,(anonymous_10)
FNDA:0,(anonymous_11)
FNDA:0,(anonymous_12)
FNDA:0,(anonymous_13)
FNDA:1,freshDB
DA:18,1
DA:19,1
DA:20,1
DA:23,0
DA:24,0
DA:27,0
DA:30,0
DA:31,0
DA:34,1
DA:35,1
DA:38,0
DA:39,0
DA:40,0
DA:41,0
DA:43,0
DA:46,0
DA:49,0
DA:52,0
DA:55,0
DA:58,0
DA:59,0
DA:62,0
DA:63,0
DA:66,0
DA:69,0
DA:74,1
DA:75,1
DA:76,1
LF:28
LH:8
BRDA:17,0,0,1
BRDA:38,1,0,0
BRDA:38,1,1,0
BRDA:40,2,0,0
BRDA:40,2,1,0
BRF:5
BRH:1
end_of_record
TN:
SF:db\validation.mjs
FNF:0
FNH:0
DA:1,1
DA:7,1
DA:12,1
LF:3
LH:3
BRF:0
BRH:0
end_of_record
TN:
SF:db\methods\game_methods.mjs
FN:4,reconcileGames
FN:16,createGame
FN:23,deleteGame
FN:25,(anonymous_3)
FNF:4
FNH:0
FNDA:0,reconcileGames
FNDA:0,createGame
FNDA:0,deleteGame
FNDA:0,(anonymous_3)
DA:5,0
DA:9,0
DA:10,0
DA:12,0
DA:13,0
DA:17,0
DA:18,0
DA:19,0
DA:20,0
DA:24,0
DA:25,0
DA:26,0
DA:27,0
LF:13
LH:0
BRF:0
BRH:0
end_of_record
TN:
SF:db\methods\user_methods.mjs
FN:6,findModel
FN:15,createEntry
FN:19,updateEntry
FN:26,validPass
FN:37,deleteEntry
FN:41,verifyPassword
FNF:6
FNH:0
FNDA:0,findModel
FNDA:0,createEntry
FNDA:0,updateEntry
FNDA:0,validPass
FNDA:0,deleteEntry
FNDA:0,verifyPassword
DA:7,0
DA:8,0
DA:9,0
DA:12,0
DA:16,0
DA:20,0
DA:27,0
DA:28,0
DA:32,0
DA:34,0
DA:38,0
DA:42,0
DA:43,0
DA:44,0
DA:45,0
LF:15
LH:0
BRDA:8,0,0,0
BRDA:8,0,1,0
BRDA:27,1,0,0
BRDA:27,1,1,0
BRF:4
BRH:0
end_of_record
TN:
SF:db\schemas\baseUser.mjs
FN:12,(anonymous_0)
FN:22,(anonymous_1)
FN:31,(anonymous_2)
FNF:3
FNH:0
FNDA:0,(anonymous_0)
FNDA:0,(anonymous_1)
FNDA:0,(anonymous_2)
DA:6,1
DA:13,0
DA:23,0
DA:24,0
DA:25,0
DA:26,0
DA:29,0
DA:31,0
LF:8
LH:1
BRDA:25,0,0,0
BRDA:25,0,1,0
BRF:2
BRH:0
end_of_record
TN:
SF:db\schemas\game.mjs
FNF:0
FNH:0
DA:3,1
LF:1
LH:1
BRF:0
BRH:0
end_of_record
TN:
SF:db\schemas\guest.mjs
FNF:0
FNH:0
DA:3,1
DA:5,1
DA:6,1
DA:7,1
LF:4
LH:4
BRF:0
BRH:0
end_of_record
TN:
SF:db\schemas\testUser.mjs
FN:13,(anonymous_0)
FNF:1
FNH:0
FNDA:0,(anonymous_0)
DA:5,1
DA:6,1
DA:7,1
DA:14,0
DA:21,1
LF:5
LH:4
BRF:0
BRH:0
end_of_record
TN:
SF:db\schemas\user.mjs
FN:16,(anonymous_0)
FNF:1
FNH:0
FNDA:0,(anonymous_0)
DA:3,1
DA:8,1
DA:9,1
DA:10,1
DA:17,0
DA:33,1
LF:6
LH:5
BRF:0
BRH:0
end_of_record
TN:
SF:resources\locals.mjs
FN:14,(anonymous_0)
FN:30,(anonymous_1)
FN:36,syncData
FNF:3
FNH:3
FNDA:4,(anonymous_0)
FNDA:4,(anonymous_1)
FNDA:4,syncData
DA:4,1
DA:14,4
DA:24,1
DA:30,4
DA:37,4
DA:39,4
DA:41,4
DA:42,4
DA:43,4
DA:44,4
DA:45,4
DA:48,4
DA:49,0
DA:50,0
DA:52,4
DA:53,4
DA:56,4
DA:57,4
DA:58,4
DA:60,4
DA:61,4
DA:62,4
DA:63,4
DA:64,4
DA:65,4
DA:66,4
DA:67,4
DA:69,0
LF:28
LH:25
BRDA:42,0,0,4
BRDA:42,0,1,0
BRDA:44,1,0,4
BRDA:44,1,1,0
BRDA:48,2,0,0
BRDA:48,2,1,4
BRF:6
BRH:3
end_of_record
TN:
SF:resources\route-map.mjs
FN:4,(anonymous_0)
FN:11,(anonymous_1)
FN:19,(anonymous_2)
FN:27,(anonymous_3)
FN:34,(anonymous_4)
FN:35,(anonymous_5)
FN:41,(anonymous_6)
FN:42,(anonymous_7)
FNF:8
FNH:8
FNDA:2,(anonymous_0)
FNDA:2,(anonymous_1)
FNDA:1,(anonymous_2)
FNDA:12,(anonymous_3)
FNDA:2,(anonymous_4)
FNDA:4,(anonymous_5)
FNDA:3,(anonymous_6)
FNDA:5,(anonymous_7)
DA:5,2
DA:7,1
DA:12,2
DA:13,8
DA:20,1
DA:21,4
DA:28,12
DA:35,4
DA:42,5
LF:9
LH:9
BRF:0
BRH:0
end_of_record
TN:
SF:resources\game_data_scraping\scraper.mjs
FN:3,scrapeSite
FN:17,getTitleDate
FN:25,getTimes
FN:29,(anonymous_3)
FN:29,(anonymous_4)
FN:43,getGameData
FNF:6
FNH:0
FNDA:0,scrapeSite
FNDA:0,getTitleDate
FNDA:0,getTimes
FNDA:0,(anonymous_3)
FNDA:0,(anonymous_4)
FNDA:0,getGameData
DA:4,0
DA:9,0
DA:10,0
DA:11,0
DA:12,0
DA:13,0
DA:14,0
DA:18,0
DA:19,0
DA:20,0
DA:21,0
DA:22,0
DA:26,0
DA:28,0
DA:29,0
DA:31,0
DA:32,0
DA:37,0
DA:44,0
DA:45,0
DA:46,0
LF:21
LH:0
BRDA:20,0,0,0
BRDA:20,0,1,0
BRDA:22,1,0,0
BRDA:22,1,1,0
BRDA:28,2,0,0
BRDA:28,2,1,0
BRDA:31,3,0,0
BRDA:31,3,1,0
BRF:8
BRH:0
end_of_record
TN:
SF:resources\search\searchApi.mjs
FN:6,(anonymous_0)
FN:12,(anonymous_1)
FN:18,(anonymous_2)
FN:23,(anonymous_3)
FN:26,(anonymous_4)
FN:34,(anonymous_5)
FN:41,(anonymous_6)
FN:56,(anonymous_7)
FN:59,(anonymous_8)
FN:64,(anonymous_9)
FNF:10
FNH:1
FNDA:1,(anonymous_0)
FNDA:0,(anonymous_1)
FNDA:0,(anonymous_2)
FNDA:0,(anonymous_3)
FNDA:0,(anonymous_4)
FNDA:0,(anonymous_5)
FNDA:0,(anonymous_6)
FNDA:0,(anonymous_7)
FNDA:0,(anonymous_8)
FNDA:0,(anonymous_9)
DA:7,1
DA:9,1
DA:10,1
DA:11,1
DA:13,0
DA:19,0
DA:20,0
DA:24,0
DA:27,0
DA:28,0
DA:30,0
DA:31,0
DA:32,0
DA:35,0
DA:36,0
DA:37,0
DA:39,0
DA:42,0
DA:43,0
DA:44,0
DA:45,0
DA:46,0
DA:47,0
DA:48,0
DA:49,0
DA:50,0
DA:51,0
DA:54,0
DA:57,0
DA:60,0
DA:61,0
DA:62,0
DA:65,0
DA:69,1
LF:34
LH:5
BRDA:19,0,0,0
BRDA:19,0,1,0
BRDA:27,1,0,0
BRDA:27,1,1,0
BRDA:27,2,0,0
BRDA:27,2,1,0
BRDA:35,3,0,0
BRDA:35,3,1,0
BRDA:37,4,0,0
BRDA:37,4,1,0
BRDA:44,5,0,0
BRDA:44,5,1,0
BRDA:47,6,0,0
BRDA:47,6,1,0
BRDA:49,7,0,0
BRDA:49,7,1,0
BRDA:59,8,0,0
BRDA:61,9,0,0
BRDA:61,9,1,0
BRF:19
BRH:0
end_of_record
TN:
SF:resources\session\borderControl.mjs
FN:3,ifLoggedIn
FN:14,ifReqNotEmpty
FNF:2
FNH:1
FNDA:4,ifLoggedIn
FNDA:0,ifReqNotEmpty
DA:4,4
DA:5,4
DA:6,0
DA:8,4
DA:10,0
DA:15,0
DA:16,0
DA:17,0
DA:19,0
DA:21,0
LF:10
LH:3
BRDA:5,0,0,0
BRDA:5,0,1,4
BRDA:16,1,0,0
BRDA:16,1,1,0
BRF:4
BRH:1
end_of_record
TN:
SF:resources\session\sessionSettings.mjs
FNF:0
FNH:0
DA:3,1
LF:1
LH:1
BRF:0
BRH:0
end_of_record
TN:
SF:routes\games.mjs
FNF:0
FNH:0
DA:2,1
DA:5,1
DA:6,1
DA:7,1
DA:8,1
LF:5
LH:5
BRF:0
BRH:0
end_of_record
TN:
SF:routes\users.mjs
FNF:0
FNH:0
DA:2,1
DA:5,1
DA:6,1
DA:7,1
DA:8,1
DA:9,1
DA:10,1
DA:11,1
DA:12,1
LF:9
LH:9
BRF:0
BRH:0
end_of_record
TN:
SF:routes\games_middlewear\_new.mjs
FN:4,(anonymous_0)
FN:17,(anonymous_1)
FNF:2
FNH:0
FNDA:0,(anonymous_0)
FNDA:0,(anonymous_1)
DA:4,1
DA:5,0
DA:6,0
DA:7,0
DA:9,0
DA:10,0
DA:11,0
DA:12,0
DA:14,0
DA:15,0
DA:16,0
DA:17,0
DA:18,0
DA:21,0
LF:14
LH:1
BRDA:6,0,0,0
BRDA:6,0,1,0
BRDA:11,1,0,0
BRDA:11,1,1,0
BRDA:11,2,0,0
BRDA:11,2,1,0
BRF:6
BRH:0
end_of_record
TN:
SF:routes\games_middlewear\create.mjs
FN:4,(anonymous_0)
FNF:1
FNH:0
FNDA:0,(anonymous_0)
DA:4,1
DA:5,0
DA:7,0
DA:8,0
DA:10,0
DA:12,0
DA:13,0
DA:15,0
DA:16,0
DA:18,0
LF:10
LH:1
BRF:0
BRH:0
end_of_record
TN:
SF:routes\games_middlewear\destroy.mjs
FN:3,(anonymous_0)
FNF:1
FNH:0
FNDA:0,(anonymous_0)
DA:3,1
DA:4,0
DA:5,0
DA:7,0
DA:8,0
DA:10,0
DA:11,0
DA:13,0
LF:8
LH:1
BRF:0
BRH:0
end_of_record
TN:
SF:routes\games_middlewear\index.mjs
FN:3,(anonymous_0)
FN:12,(anonymous_1)
FN:25,(anonymous_2)
FNF:3
FNH:0
FNDA:0,(anonymous_0)
FNDA:0,(anonymous_1)
FNDA:0,(anonymous_2)
DA:3,1
DA:4,0
DA:5,0
DA:6,0
DA:8,0
DA:12,1
DA:13,0
DA:14,0
DA:15,0
DA:16,0
DA:26,0
DA:30,0
LF:12
LH:2
BRF:0
BRH:0
end_of_record
TN:
SF:routes\games_middlewear\mapping.mjs
FN:19,(anonymous_0)
FNF:1
FNH:1
FNDA:4,(anonymous_0)
DA:9,1
DA:10,1
DA:16,1
DA:17,1
DA:19,4
LF:5
LH:5
BRF:0
BRH:0
end_of_record
TN:
SF:routes\games_middlewear\reset.mjs
FN:3,setTableView
FNF:1
FNH:0
FNDA:0,setTableView
DA:4,0
DA:5,0
DA:6,0
DA:8,0
LF:4
LH:0
BRF:0
BRH:0
end_of_record
TN:
SF:routes\users_middlewear\_new.mjs
FN:1,(anonymous_0)
FN:8,(anonymous_1)
FNF:2
FNH:0
FNDA:0,(anonymous_0)
FNDA:0,(anonymous_1)
DA:1,1
DA:2,0
DA:9,0
DA:10,0
DA:12,0
LF:5
LH:1
BRDA:9,0,0,0
BRDA:9,0,1,0
BRF:2
BRH:0
end_of_record
TN:
SF:routes\users_middlewear\create.mjs
FN:33,createGuest
FN:53,createUser
FNF:2
FNH:0
FNDA:0,createGuest
FNDA:0,createUser
DA:34,0
DA:35,0
DA:36,0
DA:37,0
DA:38,0
DA:40,0
DA:41,0
DA:42,0
DA:44,0
DA:45,0
DA:47,0
DA:49,0
DA:54,0
DA:55,0
DA:56,0
DA:58,0
DA:59,0
DA:61,0
DA:62,0
DA:63,0
DA:66,0
DA:67,0
DA:68,0
DA:70,0
DA:71,0
DA:73,0
DA:75,0
LF:27
LH:0
BRDA:35,0,0,0
BRDA:35,0,1,0
BRDA:55,1,0,0
BRDA:55,1,1,0
BRDA:61,2,0,0
BRDA:61,2,1,0
BRDA:61,3,0,0
BRDA:61,3,1,0
BRF:8
BRH:0
end_of_record
TN:
SF:routes\users_middlewear\destroy.mjs
FN:3,deleteUser
FNF:1
FNH:0
FNDA:0,deleteUser
DA:4,0
DA:5,0
DA:6,0
DA:7,0
DA:9,0
LF:5
LH:0
BRF:0
BRH:0
end_of_record
TN:
SF:routes\users_middlewear\index.mjs
FN:1,(anonymous_0)
FN:13,(anonymous_1)
FN:15,(anonymous_2)
FNF:3
FNH:0
FNDA:0,(anonymous_0)
FNDA:0,(anonymous_1)
FNDA:0,(anonymous_2)
DA:1,1
DA:2,0
DA:3,0
DA:4,0
DA:6,0
DA:9,0
DA:13,1
DA:14,0
DA:15,0
DA:16,0
DA:19,0
LF:11
LH:2
BRDA:3,0,0,0
BRDA:3,0,1,0
BRF:2
BRH:0
end_of_record
TN:
SF:routes\users_middlewear\login.mjs
FN:3,userLogin
FNF:1
FNH:0
FNDA:0,userLogin
DA:4,0
DA:5,0
DA:6,0
DA:7,0
DA:8,0
DA:10,0
DA:11,0
DA:12,0
DA:15,0
DA:16,0
DA:17,0
DA:19,0
DA:21,0
LF:13
LH:0
BRDA:10,0,0,0
BRDA:10,0,1,0
BRDA:10,1,0,0
BRDA:10,1,1,0
BRF:4
BRH:0
end_of_record
TN:
SF:routes\users_middlewear\logout.mjs
FN:3,destroySession
FN:7,(anonymous_1)
FNF:2
FNH:0
FNDA:0,destroySession
FNDA:0,(anonymous_1)
DA:4,0
DA:5,0
DA:8,0
DA:9,0
DA:13,0
LF:5
LH:0
BRDA:8,0,0,0
BRDA:8,0,1,0
BRF:2
BRH:0
end_of_record
TN:
SF:routes\users_middlewear\mapping.mjs
FN:33,(anonymous_0)
FNF:1
FNH:1
FNDA:8,(anonymous_0)
DA:14,1
DA:16,1
DA:22,1
DA:29,1
DA:30,1
DA:31,1
DA:33,8
LF:7
LH:7
BRF:0
BRH:0
end_of_record
TN:
SF:routes\users_middlewear\show.mjs
FN:3,getDetails
FN:5,(anonymous_1)
FNF:2
FNH:2
FNDA:4,getDetails
FNDA:4,(anonymous_1)
DA:4,4
DA:5,4
DA:6,4
DA:9,0
LF:4
LH:3
BRF:0
BRH:0
end_of_record
TN:
SF:routes\users_middlewear\update.mjs
FN:5,update
FNF:1
FNH:0
FNDA:0,update
DA:6,0
DA:8,0
DA:9,0
DA:10,0
DA:11,0
DA:14,0
DA:15,0
DA:16,0
DA:19,0
DA:21,0
LF:10
LH:0
BRDA:10,0,0,0
BRDA:10,0,1,0
BRDA:15,1,0,0
BRDA:15,1,1,0
BRF:4
BRH:0
end_of_record
