TN:
SF:app.mjs
FN:25,(anonymous_0)
FN:32,(anonymous_1)
FN:33,(anonymous_2)
FN:34,(anonymous_3)
FN:54,addPath
FN:64,notFound
FN:68,errorHandler
FNF:7
FNH:1
FNDA:1,(anonymous_0)
FNDA:0,(anonymous_1)
FNDA:0,(anonymous_2)
FNDA:0,(anonymous_3)
FNDA:0,addPath
FNDA:0,notFound
FNDA:0,errorHandler
DA:4,1
DA:5,1
DA:6,1
DA:10,1
DA:13,1
DA:19,1
DA:20,1
DA:21,1
DA:24,1
DA:25,1
DA:26,1
DA:31,1
DA:32,1
DA:33,1
DA:34,1
DA:38,1
DA:39,1
DA:40,1
DA:47,1
DA:48,1
DA:50,1
DA:51,1
DA:52,1
DA:53,1
DA:54,1
DA:55,0
DA:56,0
DA:62,1
DA:63,1
DA:64,1
DA:65,0
DA:68,1
DA:69,0
DA:70,0
DA:71,0
LF:35
LH:29
BRDA:26,0,0,0
BRDA:26,0,1,1
BRDA:70,1,0,0
BRDA:70,1,1,0
BRDA:71,2,0,0
BRDA:71,2,1,0
BRF:6
BRH:1
end_of_record
TN:
SF:puppeteer.config.cjs
FNF:0
FNH:0
DA:1,1
DA:6,1
LF:2
LH:2
BRF:0
BRH:0
end_of_record
TN:
SF:db\index.mjs
FN:8,connectionFactory
FNF:1
FNH:1
FNDA:8,connectionFactory
DA:9,8
DA:10,8
DA:11,8
DA:12,8
DA:13,8
DA:14,8
DA:15,8
LF:7
LH:7
BRF:0
BRH:0
end_of_record
TN:
SF:db\validation.mjs
FNF:0
FNH:0
DA:1,1
DA:7,1
DA:12,1
LF:3
LH:3
BRF:0
BRH:0
end_of_record
TN:
SF:db\schemas\baseUser.mjs
FN:12,(anonymous_0)
FN:22,(anonymous_1)
FN:31,(anonymous_2)
FNF:3
FNH:2
FNDA:6,(anonymous_0)
FNDA:6,(anonymous_1)
FNDA:0,(anonymous_2)
DA:6,1
DA:13,6
DA:23,6
DA:24,6
DA:25,0
DA:26,0
DA:29,6
DA:31,0
LF:8
LH:5
BRDA:25,0,0,0
BRDA:25,0,1,0
BRF:2
BRH:0
end_of_record
TN:
SF:db\schemas\game.mjs
FNF:0
FNH:0
DA:3,1
LF:1
LH:1
BRF:0
BRH:0
end_of_record
TN:
SF:db\schemas\guest.mjs
FNF:0
FNH:0
DA:3,1
DA:5,1
DA:6,1
DA:7,1
LF:4
LH:4
BRF:0
BRH:0
end_of_record
TN:
SF:db\schemas\testUser.mjs
FN:13,(anonymous_0)
FNF:1
FNH:1
FNDA:4,(anonymous_0)
DA:5,1
DA:6,1
DA:7,1
DA:14,4
DA:21,1
LF:5
LH:5
BRF:0
BRH:0
end_of_record
TN:
SF:db\schemas\user.mjs
FN:16,(anonymous_0)
FN:30,(anonymous_1)
FN:37,(anonymous_2)
FNF:3
FNH:3
FNDA:1,(anonymous_0)
FNDA:4,(anonymous_1)
FNDA:1,(anonymous_2)
DA:3,1
DA:8,1
DA:9,1
DA:10,1
DA:17,1
DA:28,1
DA:30,1
DA:31,4
DA:32,4
DA:33,4
DA:37,1
DA:38,1
LF:12
LH:12
BRDA:32,0,0,4
BRDA:32,0,1,0
BRF:2
BRH:1
end_of_record
TN:
SF:resources\game_data_scraping\scraper.mjs
FN:3,scrapeSite
FN:17,getTitleDate
FN:25,getTimes
FN:29,(anonymous_3)
FN:29,(anonymous_4)
FN:43,getGameData
FNF:6
FNH:0
FNDA:0,scrapeSite
FNDA:0,getTitleDate
FNDA:0,getTimes
FNDA:0,(anonymous_3)
FNDA:0,(anonymous_4)
FNDA:0,getGameData
DA:4,0
DA:9,0
DA:10,0
DA:11,0
DA:12,0
DA:13,0
DA:14,0
DA:18,0
DA:19,0
DA:20,0
DA:21,0
DA:22,0
DA:26,0
DA:28,0
DA:29,0
DA:31,0
DA:32,0
DA:37,0
DA:44,0
DA:45,0
DA:46,0
LF:21
LH:0
BRDA:20,0,0,0
BRDA:20,0,1,0
BRDA:22,1,0,0
BRDA:22,1,1,0
BRDA:28,2,0,0
BRDA:28,2,1,0
BRDA:31,3,0,0
BRDA:31,3,1,0
BRF:8
BRH:0
end_of_record
TN:
SF:resources\search\searchApi.mjs
FN:6,(anonymous_0)
FN:12,(anonymous_1)
FN:18,(anonymous_2)
FN:23,(anonymous_3)
FN:26,(anonymous_4)
FN:34,(anonymous_5)
FN:41,(anonymous_6)
FN:56,(anonymous_7)
FN:59,(anonymous_8)
FN:64,(anonymous_9)
FNF:10
FNH:1
FNDA:1,(anonymous_0)
FNDA:0,(anonymous_1)
FNDA:0,(anonymous_2)
FNDA:0,(anonymous_3)
FNDA:0,(anonymous_4)
FNDA:0,(anonymous_5)
FNDA:0,(anonymous_6)
FNDA:0,(anonymous_7)
FNDA:0,(anonymous_8)
FNDA:0,(anonymous_9)
DA:7,1
DA:9,1
DA:10,1
DA:11,1
DA:13,0
DA:19,0
DA:20,0
DA:24,0
DA:27,0
DA:28,0
DA:30,0
DA:31,0
DA:32,0
DA:35,0
DA:36,0
DA:37,0
DA:39,0
DA:42,0
DA:43,0
DA:44,0
DA:45,0
DA:46,0
DA:47,0
DA:48,0
DA:49,0
DA:50,0
DA:51,0
DA:54,0
DA:57,0
DA:60,0
DA:61,0
DA:62,0
DA:65,0
DA:69,1
LF:34
LH:5
BRDA:19,0,0,0
BRDA:19,0,1,0
BRDA:27,1,0,0
BRDA:27,1,1,0
BRDA:27,2,0,0
BRDA:27,2,1,0
BRDA:35,3,0,0
BRDA:35,3,1,0
BRDA:37,4,0,0
BRDA:37,4,1,0
BRDA:44,5,0,0
BRDA:44,5,1,0
BRDA:47,6,0,0
BRDA:47,6,1,0
BRDA:49,7,0,0
BRDA:49,7,1,0
BRDA:59,8,0,0
BRDA:61,9,0,0
BRDA:61,9,1,0
BRF:19
BRH:0
end_of_record
TN:
SF:resources\session\borderControl.mjs
FN:3,ifLoggedIn
FN:7,(anonymous_1)
FN:17,ifReqNotEmpty
FNF:3
FNH:0
FNDA:0,ifLoggedIn
FNDA:0,(anonymous_1)
FNDA:0,ifReqNotEmpty
DA:4,0
DA:5,0
DA:6,0
DA:7,0
DA:8,0
DA:11,0
DA:13,0
DA:18,0
DA:19,0
DA:20,0
DA:22,0
DA:24,0
LF:12
LH:0
BRDA:5,0,0,0
BRDA:5,0,1,0
BRDA:7,1,0,0
BRDA:7,1,1,0
BRDA:19,2,0,0
BRDA:19,2,1,0
BRF:6
BRH:0
end_of_record
TN:
SF:resources\session\sessionSettings.mjs
FNF:0
FNH:0
DA:2,1
DA:4,1
LF:2
LH:2
BRF:0
BRH:0
end_of_record
TN:
SF:routes\games.mjs
FNF:0
FNH:0
DA:3,1
DA:10,1
DA:11,1
DA:12,1
DA:13,1
DA:15,1
DA:16,1
DA:17,1
DA:18,1
LF:9
LH:9
BRF:0
BRH:0
end_of_record
TN:
SF:routes\users.mjs
FNF:0
FNH:0
DA:3,1
DA:13,1
DA:14,1
DA:15,1
DA:16,1
DA:17,1
DA:18,1
DA:19,1
DA:21,1
DA:22,1
DA:23,1
DA:24,1
DA:25,1
DA:26,1
DA:27,1
LF:15
LH:15
BRF:0
BRH:0
end_of_record
TN:
SF:routes\games_middlewear\_new.mjs
FN:4,(anonymous_0)
FN:17,(anonymous_1)
FNF:2
FNH:0
FNDA:0,(anonymous_0)
FNDA:0,(anonymous_1)
DA:4,1
DA:5,0
DA:6,0
DA:7,0
DA:9,0
DA:10,0
DA:11,0
DA:12,0
DA:14,0
DA:15,0
DA:16,0
DA:17,0
DA:18,0
DA:19,0
DA:22,0
LF:15
LH:1
BRDA:6,0,0,0
BRDA:6,0,1,0
BRDA:11,1,0,0
BRDA:11,1,1,0
BRDA:11,2,0,0
BRDA:11,2,1,0
BRDA:18,3,0,0
BRDA:18,3,1,0
BRF:8
BRH:0
end_of_record
TN:
SF:routes\games_middlewear\create.mjs
FN:4,(anonymous_0)
FNF:1
FNH:0
FNDA:0,(anonymous_0)
DA:4,1
DA:5,0
DA:6,0
DA:7,0
DA:8,0
DA:9,0
DA:10,0
DA:11,0
DA:12,0
DA:17,0
DA:18,0
DA:20,0
DA:22,0
LF:13
LH:1
BRDA:11,0,0,0
BRDA:11,0,1,0
BRF:2
BRH:0
end_of_record
TN:
SF:routes\games_middlewear\destroy.mjs
FN:3,(anonymous_0)
FN:9,(anonymous_1)
FNF:2
FNH:0
FNDA:0,(anonymous_0)
FNDA:0,(anonymous_1)
DA:3,1
DA:4,0
DA:5,0
DA:6,0
DA:7,0
DA:8,0
DA:9,0
DA:10,0
DA:11,0
DA:13,0
LF:10
LH:1
BRDA:8,0,0,0
BRDA:8,0,1,0
BRF:2
BRH:0
end_of_record
TN:
SF:routes\games_middlewear\index.mjs
FN:3,(anonymous_0)
FN:12,setTableView
FN:21,(anonymous_2)
FN:37,(anonymous_3)
FNF:4
FNH:0
FNDA:0,(anonymous_0)
FNDA:0,setTableView
FNDA:0,(anonymous_2)
FNDA:0,(anonymous_3)
DA:3,1
DA:4,0
DA:5,0
DA:6,0
DA:8,0
DA:13,0
DA:14,0
DA:15,0
DA:17,0
DA:21,1
DA:22,0
DA:23,0
DA:24,0
DA:25,0
DA:28,0
DA:38,0
DA:39,0
DA:43,0
LF:18
LH:2
BRDA:25,0,0,0
BRDA:25,0,1,0
BRDA:38,1,0,0
BRDA:38,1,1,0
BRF:4
BRH:0
end_of_record
TN:
SF:routes\users_middlewear\_new.mjs
FN:1,(anonymous_0)
FN:8,(anonymous_1)
FNF:2
FNH:0
FNDA:0,(anonymous_0)
FNDA:0,(anonymous_1)
DA:1,1
DA:2,0
DA:9,0
DA:10,0
DA:12,0
LF:5
LH:1
BRDA:9,0,0,0
BRDA:9,0,1,0
BRF:2
BRH:0
end_of_record
TN:
SF:routes\users_middlewear\create.mjs
FN:5,getGuestGames
FN:15,AddNewUserToDB
FN:27,AddNewGuestToDB
FN:35,createGuest
FN:40,(anonymous_4)
FN:45,(anonymous_5)
FN:57,createUser
FN:65,(anonymous_7)
FN:70,(anonymous_8)
FNF:9
FNH:2
FNDA:0,getGuestGames
FNDA:15,AddNewUserToDB
FNDA:1,AddNewGuestToDB
FNDA:0,createGuest
FNDA:0,(anonymous_4)
FNDA:0,(anonymous_5)
FNDA:0,createUser
FNDA:0,(anonymous_7)
FNDA:0,(anonymous_8)
DA:6,0
DA:7,0
DA:8,0
DA:10,0
DA:11,0
DA:12,0
DA:16,15
DA:17,10
DA:19,5
DA:20,5
DA:21,4
DA:22,0
DA:24,4
DA:28,1
DA:29,1
DA:30,0
DA:32,1
DA:36,0
DA:37,0
DA:38,0
DA:40,0
DA:41,0
DA:42,0
DA:43,0
DA:44,0
DA:45,0
DA:46,0
DA:50,0
DA:53,0
DA:58,0
DA:59,0
DA:60,0
DA:61,0
DA:63,0
DA:65,0
DA:66,0
DA:67,0
DA:68,0
DA:69,0
DA:70,0
DA:71,0
DA:75,0
LF:42
LH:9
BRDA:7,0,0,0
BRDA:7,0,1,0
BRDA:16,1,0,10
BRDA:16,1,1,5
BRDA:21,2,0,0
BRDA:21,2,1,4
BRDA:29,3,0,0
BRDA:29,3,1,1
BRDA:37,4,0,0
BRDA:37,4,1,0
BRDA:60,5,0,0
BRDA:60,5,1,0
BRF:12
BRH:4
end_of_record
TN:
SF:routes\users_middlewear\index.mjs
FN:1,(anonymous_0)
FN:15,(anonymous_1)
FN:16,(anonymous_2)
FNF:3
FNH:0
FNDA:0,(anonymous_0)
FNDA:0,(anonymous_1)
FNDA:0,(anonymous_2)
DA:1,1
DA:2,0
DA:3,0
DA:4,0
DA:5,0
DA:6,0
DA:8,0
DA:11,0
DA:15,1
DA:16,0
DA:17,0
DA:18,0
DA:20,0
LF:13
LH:2
BRDA:2,0,0,0
BRDA:2,0,1,0
BRDA:5,1,0,0
BRDA:5,1,1,0
BRDA:17,2,0,0
BRDA:17,2,1,0
BRF:6
BRH:0
end_of_record
TN:
SF:routes\users_middlewear\login.mjs
FN:3,verifyPasswordAndReturnUser
FN:15,userLogin
FN:31,(anonymous_2)
FN:37,(anonymous_3)
FNF:4
FNH:0
FNDA:0,verifyPasswordAndReturnUser
FNDA:0,userLogin
FNDA:0,(anonymous_2)
FNDA:0,(anonymous_3)
DA:4,0
DA:5,0
DA:6,0
DA:7,0
DA:9,0
DA:10,0
DA:12,0
DA:16,0
DA:17,0
DA:18,0
DA:20,0
DA:21,0
DA:22,0
DA:23,0
DA:24,0
DA:25,0
DA:26,0
DA:27,0
DA:29,0
DA:31,0
DA:32,0
DA:33,0
DA:34,0
DA:35,0
DA:36,0
DA:37,0
DA:38,0
DA:39,0
DA:43,0
LF:29
LH:0
BRDA:6,0,0,0
BRDA:6,0,1,0
BRDA:9,1,0,0
BRDA:9,1,1,0
BRDA:21,2,0,0
BRDA:21,2,1,0
BRDA:22,3,0,0
BRDA:22,3,1,0
BRDA:23,4,0,0
BRDA:23,4,1,0
BRDA:23,5,0,0
BRDA:23,5,1,0
BRDA:32,6,0,0
BRDA:32,6,1,0
BRDA:38,7,0,0
BRDA:38,7,1,0
BRF:16
BRH:0
end_of_record
TN:
SF:routes\users_middlewear\logout.mjs
FN:3,destroySession
FN:10,(anonymous_1)
FNF:2
FNH:0
FNDA:0,destroySession
FNDA:0,(anonymous_1)
DA:4,0
DA:5,0
DA:6,0
DA:8,0
DA:9,0
DA:10,0
DA:11,0
DA:12,0
DA:15,0
LF:9
LH:0
BRDA:5,0,0,0
BRDA:5,0,1,0
BRDA:11,1,0,0
BRDA:11,1,1,0
BRF:4
BRH:0
end_of_record
TN:
SF:routes\users_middlewear\show.mjs
FN:3,getDetails
FN:15,(anonymous_1)
FNF:2
FNH:0
FNDA:0,getDetails
FNDA:0,(anonymous_1)
DA:4,0
DA:5,0
DA:6,0
DA:8,0
DA:9,0
DA:12,0
DA:16,0
DA:17,0
DA:19,0
DA:24,0
LF:10
LH:0
BRDA:5,0,0,0
BRDA:5,0,1,0
BRDA:9,1,0,0
BRDA:9,1,1,0
BRDA:16,2,0,0
BRDA:16,2,1,0
BRF:6
BRH:0
end_of_record
TN:
SF:routes\users_middlewear\update.mjs
FN:5,updateDb
FN:24,update
FNF:2
FNH:0
FNDA:0,updateDb
FNDA:0,update
DA:7,0
DA:8,0
DA:9,0
DA:11,0
DA:14,0
DA:19,0
DA:20,0
DA:25,0
DA:26,0
DA:27,0
DA:28,0
DA:30,0
LF:12
LH:0
BRDA:7,0,0,0
BRDA:7,0,1,0
BRDA:8,1,0,0
BRDA:8,1,1,0
BRDA:19,2,0,0
BRDA:19,2,1,0
BRF:6
BRH:0
end_of_record
